The system is: Linux - 4.4.0-62-generic - x86_64
Compiling the C compiler identification source file "CMakeCCompilerId.c" succeeded.
Compiler: /usr/bin/cc 
Build flags: 
Id flags: 

The output was:
0


Compilation of the C compiler identification source "CMakeCCompilerId.c" produced "a.out"

The C compiler identification is GNU, found in "/home/vishal/Documents/Unit Test/Libraries/build-Debug/cmocka/CMakeFiles/3.5.1/CompilerIdC/a.out"

Determining if the C compiler works passed with the following output:
Change Dir: /home/vishal/Documents/Unit Test/Libraries/build-Debug/cmocka/CMakeFiles/CMakeTmp

Run Build Command:"/usr/bin/make" "cmTC_d62c8/fast"
make[1]: Entering directory '/home/vishal/Documents/Unit Test/Libraries/build-Debug/cmocka/CMakeFiles/CMakeTmp'
/usr/bin/make -f CMakeFiles/cmTC_d62c8.dir/build.make CMakeFiles/cmTC_d62c8.dir/build
make[2]: Entering directory '/home/vishal/Documents/Unit Test/Libraries/build-Debug/cmocka/CMakeFiles/CMakeTmp'
Building C object CMakeFiles/cmTC_d62c8.dir/testCCompiler.c.o
/usr/bin/cc     -o CMakeFiles/cmTC_d62c8.dir/testCCompiler.c.o   -c "/home/vishal/Documents/Unit Test/Libraries/build-Debug/cmocka/CMakeFiles/CMakeTmp/testCCompiler.c"
Linking C executable cmTC_d62c8
/usr/bin/cmake -E cmake_link_script CMakeFiles/cmTC_d62c8.dir/link.txt --verbose=1
/usr/bin/cc       CMakeFiles/cmTC_d62c8.dir/testCCompiler.c.o  -o cmTC_d62c8 -rdynamic 
make[2]: Leaving directory '/home/vishal/Documents/Unit Test/Libraries/build-Debug/cmocka/CMakeFiles/CMakeTmp'
make[1]: Leaving directory '/home/vishal/Documents/Unit Test/Libraries/build-Debug/cmocka/CMakeFiles/CMakeTmp'


Detecting C compiler ABI info compiled with the following output:
Change Dir: /home/vishal/Documents/Unit Test/Libraries/build-Debug/cmocka/CMakeFiles/CMakeTmp

Run Build Command:"/usr/bin/make" "cmTC_455ba/fast"
make[1]: Entering directory '/home/vishal/Documents/Unit Test/Libraries/build-Debug/cmocka/CMakeFiles/CMakeTmp'
/usr/bin/make -f CMakeFiles/cmTC_455ba.dir/build.make CMakeFiles/cmTC_455ba.dir/build
make[2]: Entering directory '/home/vishal/Documents/Unit Test/Libraries/build-Debug/cmocka/CMakeFiles/CMakeTmp'
Building C object CMakeFiles/cmTC_455ba.dir/CMakeCCompilerABI.c.o
/usr/bin/cc     -o CMakeFiles/cmTC_455ba.dir/CMakeCCompilerABI.c.o   -c /usr/share/cmake-3.5/Modules/CMakeCCompilerABI.c
Linking C executable cmTC_455ba
/usr/bin/cmake -E cmake_link_script CMakeFiles/cmTC_455ba.dir/link.txt --verbose=1
/usr/bin/cc      -v CMakeFiles/cmTC_455ba.dir/CMakeCCompilerABI.c.o  -o cmTC_455ba -rdynamic  
Using built-in specs.
COLLECT_GCC=/usr/bin/cc
COLLECT_LTO_WRAPPER=/usr/lib/gcc/x86_64-linux-gnu/5/lto-wrapper
Target: x86_64-linux-gnu
Configured with: ../src/configure -v --with-pkgversion='Ubuntu 5.4.0-6ubuntu1~16.04.4' --with-bugurl=file:///usr/share/doc/gcc-5/README.Bugs --enable-languages=c,ada,c++,java,go,d,fortran,objc,obj-c++ --prefix=/usr --program-suffix=-5 --enable-shared --enable-linker-build-id --libexecdir=/usr/lib --without-included-gettext --enable-threads=posix --libdir=/usr/lib --enable-nls --with-sysroot=/ --enable-clocale=gnu --enable-libstdcxx-debug --enable-libstdcxx-time=yes --with-default-libstdcxx-abi=new --enable-gnu-unique-object --disable-vtable-verify --enable-libmpx --enable-plugin --with-system-zlib --disable-browser-plugin --enable-java-awt=gtk --enable-gtk-cairo --with-java-home=/usr/lib/jvm/java-1.5.0-gcj-5-amd64/jre --enable-java-home --with-jvm-root-dir=/usr/lib/jvm/java-1.5.0-gcj-5-amd64 --with-jvm-jar-dir=/usr/lib/jvm-exports/java-1.5.0-gcj-5-amd64 --with-arch-directory=amd64 --with-ecj-jar=/usr/share/java/eclipse-ecj.jar --enable-objc-gc --enable-multiarch --disable-werror --with-arch-32=i686 --with-abi=m64 --with-multilib-list=m32,m64,mx32 --enable-multilib --with-tune=generic --enable-checking=release --build=x86_64-linux-gnu --host=x86_64-linux-gnu --target=x86_64-linux-gnu
Thread model: posix
gcc version 5.4.0 20160609 (Ubuntu 5.4.0-6ubuntu1~16.04.4) 
COMPILER_PATH=/usr/lib/gcc/x86_64-linux-gnu/5/:/usr/lib/gcc/x86_64-linux-gnu/5/:/usr/lib/gcc/x86_64-linux-gnu/:/usr/lib/gcc/x86_64-linux-gnu/5/:/usr/lib/gcc/x86_64-linux-gnu/
LIBRARY_PATH=/usr/lib/gcc/x86_64-linux-gnu/5/:/usr/lib/gcc/x86_64-linux-gnu/5/../../../x86_64-linux-gnu/:/usr/lib/gcc/x86_64-linux-gnu/5/../../../../lib/:/lib/x86_64-linux-gnu/:/lib/../lib/:/usr/lib/x86_64-linux-gnu/:/usr/lib/../lib/:/usr/lib/gcc/x86_64-linux-gnu/5/../../../:/lib/:/usr/lib/
COLLECT_GCC_OPTIONS='-v' '-o' 'cmTC_455ba' '-rdynamic' '-mtune=generic' '-march=x86-64'
 /usr/lib/gcc/x86_64-linux-gnu/5/collect2 -plugin /usr/lib/gcc/x86_64-linux-gnu/5/liblto_plugin.so -plugin-opt=/usr/lib/gcc/x86_64-linux-gnu/5/lto-wrapper -plugin-opt=-fresolution=/tmp/ccKBbjHz.res -plugin-opt=-pass-through=-lgcc -plugin-opt=-pass-through=-lgcc_s -plugin-opt=-pass-through=-lc -plugin-opt=-pass-through=-lgcc -plugin-opt=-pass-through=-lgcc_s --sysroot=/ --build-id --eh-frame-hdr -m elf_x86_64 --hash-style=gnu --as-needed -export-dynamic -dynamic-linker /lib64/ld-linux-x86-64.so.2 -z relro -o cmTC_455ba /usr/lib/gcc/x86_64-linux-gnu/5/../../../x86_64-linux-gnu/crt1.o /usr/lib/gcc/x86_64-linux-gnu/5/../../../x86_64-linux-gnu/crti.o /usr/lib/gcc/x86_64-linux-gnu/5/crtbegin.o -L/usr/lib/gcc/x86_64-linux-gnu/5 -L/usr/lib/gcc/x86_64-linux-gnu/5/../../../x86_64-linux-gnu -L/usr/lib/gcc/x86_64-linux-gnu/5/../../../../lib -L/lib/x86_64-linux-gnu -L/lib/../lib -L/usr/lib/x86_64-linux-gnu -L/usr/lib/../lib -L/usr/lib/gcc/x86_64-linux-gnu/5/../../.. CMakeFiles/cmTC_455ba.dir/CMakeCCompilerABI.c.o -lgcc --as-needed -lgcc_s --no-as-needed -lc -lgcc --as-needed -lgcc_s --no-as-needed /usr/lib/gcc/x86_64-linux-gnu/5/crtend.o /usr/lib/gcc/x86_64-linux-gnu/5/../../../x86_64-linux-gnu/crtn.o
make[2]: Leaving directory '/home/vishal/Documents/Unit Test/Libraries/build-Debug/cmocka/CMakeFiles/CMakeTmp'
make[1]: Leaving directory '/home/vishal/Documents/Unit Test/Libraries/build-Debug/cmocka/CMakeFiles/CMakeTmp'


Parsed C implicit link information from above output:
  link line regex: [^( *|.*[/\])(ld|([^/\]+-)?ld|collect2)[^/\]*( |$)]
  ignore line: [Change Dir: /home/vishal/Documents/Unit Test/Libraries/build-Debug/cmocka/CMakeFiles/CMakeTmp]
  ignore line: []
  ignore line: [Run Build Command:"/usr/bin/make" "cmTC_455ba/fast"]
  ignore line: [make[1]: Entering directory '/home/vishal/Documents/Unit Test/Libraries/build-Debug/cmocka/CMakeFiles/CMakeTmp']
  ignore line: [/usr/bin/make -f CMakeFiles/cmTC_455ba.dir/build.make CMakeFiles/cmTC_455ba.dir/build]
  ignore line: [make[2]: Entering directory '/home/vishal/Documents/Unit Test/Libraries/build-Debug/cmocka/CMakeFiles/CMakeTmp']
  ignore line: [Building C object CMakeFiles/cmTC_455ba.dir/CMakeCCompilerABI.c.o]
  ignore line: [/usr/bin/cc     -o CMakeFiles/cmTC_455ba.dir/CMakeCCompilerABI.c.o   -c /usr/share/cmake-3.5/Modules/CMakeCCompilerABI.c]
  ignore line: [Linking C executable cmTC_455ba]
  ignore line: [/usr/bin/cmake -E cmake_link_script CMakeFiles/cmTC_455ba.dir/link.txt --verbose=1]
  ignore line: [/usr/bin/cc      -v CMakeFiles/cmTC_455ba.dir/CMakeCCompilerABI.c.o  -o cmTC_455ba -rdynamic  ]
  ignore line: [Using built-in specs.]
  ignore line: [COLLECT_GCC=/usr/bin/cc]
  ignore line: [COLLECT_LTO_WRAPPER=/usr/lib/gcc/x86_64-linux-gnu/5/lto-wrapper]
  ignore line: [Target: x86_64-linux-gnu]
  ignore line: [Configured with: ../src/configure -v --with-pkgversion='Ubuntu 5.4.0-6ubuntu1~16.04.4' --with-bugurl=file:///usr/share/doc/gcc-5/README.Bugs --enable-languages=c,ada,c++,java,go,d,fortran,objc,obj-c++ --prefix=/usr --program-suffix=-5 --enable-shared --enable-linker-build-id --libexecdir=/usr/lib --without-included-gettext --enable-threads=posix --libdir=/usr/lib --enable-nls --with-sysroot=/ --enable-clocale=gnu --enable-libstdcxx-debug --enable-libstdcxx-time=yes --with-default-libstdcxx-abi=new --enable-gnu-unique-object --disable-vtable-verify --enable-libmpx --enable-plugin --with-system-zlib --disable-browser-plugin --enable-java-awt=gtk --enable-gtk-cairo --with-java-home=/usr/lib/jvm/java-1.5.0-gcj-5-amd64/jre --enable-java-home --with-jvm-root-dir=/usr/lib/jvm/java-1.5.0-gcj-5-amd64 --with-jvm-jar-dir=/usr/lib/jvm-exports/java-1.5.0-gcj-5-amd64 --with-arch-directory=amd64 --with-ecj-jar=/usr/share/java/eclipse-ecj.jar --enable-objc-gc --enable-multiarch --disable-werror --with-arch-32=i686 --with-abi=m64 --with-multilib-list=m32,m64,mx32 --enable-multilib --with-tune=generic --enable-checking=release --build=x86_64-linux-gnu --host=x86_64-linux-gnu --target=x86_64-linux-gnu]
  ignore line: [Thread model: posix]
  ignore line: [gcc version 5.4.0 20160609 (Ubuntu 5.4.0-6ubuntu1~16.04.4) ]
  ignore line: [COMPILER_PATH=/usr/lib/gcc/x86_64-linux-gnu/5/:/usr/lib/gcc/x86_64-linux-gnu/5/:/usr/lib/gcc/x86_64-linux-gnu/:/usr/lib/gcc/x86_64-linux-gnu/5/:/usr/lib/gcc/x86_64-linux-gnu/]
  ignore line: [LIBRARY_PATH=/usr/lib/gcc/x86_64-linux-gnu/5/:/usr/lib/gcc/x86_64-linux-gnu/5/../../../x86_64-linux-gnu/:/usr/lib/gcc/x86_64-linux-gnu/5/../../../../lib/:/lib/x86_64-linux-gnu/:/lib/../lib/:/usr/lib/x86_64-linux-gnu/:/usr/lib/../lib/:/usr/lib/gcc/x86_64-linux-gnu/5/../../../:/lib/:/usr/lib/]
  ignore line: [COLLECT_GCC_OPTIONS='-v' '-o' 'cmTC_455ba' '-rdynamic' '-mtune=generic' '-march=x86-64']
  link line: [ /usr/lib/gcc/x86_64-linux-gnu/5/collect2 -plugin /usr/lib/gcc/x86_64-linux-gnu/5/liblto_plugin.so -plugin-opt=/usr/lib/gcc/x86_64-linux-gnu/5/lto-wrapper -plugin-opt=-fresolution=/tmp/ccKBbjHz.res -plugin-opt=-pass-through=-lgcc -plugin-opt=-pass-through=-lgcc_s -plugin-opt=-pass-through=-lc -plugin-opt=-pass-through=-lgcc -plugin-opt=-pass-through=-lgcc_s --sysroot=/ --build-id --eh-frame-hdr -m elf_x86_64 --hash-style=gnu --as-needed -export-dynamic -dynamic-linker /lib64/ld-linux-x86-64.so.2 -z relro -o cmTC_455ba /usr/lib/gcc/x86_64-linux-gnu/5/../../../x86_64-linux-gnu/crt1.o /usr/lib/gcc/x86_64-linux-gnu/5/../../../x86_64-linux-gnu/crti.o /usr/lib/gcc/x86_64-linux-gnu/5/crtbegin.o -L/usr/lib/gcc/x86_64-linux-gnu/5 -L/usr/lib/gcc/x86_64-linux-gnu/5/../../../x86_64-linux-gnu -L/usr/lib/gcc/x86_64-linux-gnu/5/../../../../lib -L/lib/x86_64-linux-gnu -L/lib/../lib -L/usr/lib/x86_64-linux-gnu -L/usr/lib/../lib -L/usr/lib/gcc/x86_64-linux-gnu/5/../../.. CMakeFiles/cmTC_455ba.dir/CMakeCCompilerABI.c.o -lgcc --as-needed -lgcc_s --no-as-needed -lc -lgcc --as-needed -lgcc_s --no-as-needed /usr/lib/gcc/x86_64-linux-gnu/5/crtend.o /usr/lib/gcc/x86_64-linux-gnu/5/../../../x86_64-linux-gnu/crtn.o]
    arg [/usr/lib/gcc/x86_64-linux-gnu/5/collect2] ==> ignore
    arg [-plugin] ==> ignore
    arg [/usr/lib/gcc/x86_64-linux-gnu/5/liblto_plugin.so] ==> ignore
    arg [-plugin-opt=/usr/lib/gcc/x86_64-linux-gnu/5/lto-wrapper] ==> ignore
    arg [-plugin-opt=-fresolution=/tmp/ccKBbjHz.res] ==> ignore
    arg [-plugin-opt=-pass-through=-lgcc] ==> ignore
    arg [-plugin-opt=-pass-through=-lgcc_s] ==> ignore
    arg [-plugin-opt=-pass-through=-lc] ==> ignore
    arg [-plugin-opt=-pass-through=-lgcc] ==> ignore
    arg [-plugin-opt=-pass-through=-lgcc_s] ==> ignore
    arg [--sysroot=/] ==> ignore
    arg [--build-id] ==> ignore
    arg [--eh-frame-hdr] ==> ignore
    arg [-m] ==> ignore
    arg [elf_x86_64] ==> ignore
    arg [--hash-style=gnu] ==> ignore
    arg [--as-needed] ==> ignore
    arg [-export-dynamic] ==> ignore
    arg [-dynamic-linker] ==> ignore
    arg [/lib64/ld-linux-x86-64.so.2] ==> ignore
    arg [-zrelro] ==> ignore
    arg [-o] ==> ignore
    arg [cmTC_455ba] ==> ignore
    arg [/usr/lib/gcc/x86_64-linux-gnu/5/../../../x86_64-linux-gnu/crt1.o] ==> ignore
    arg [/usr/lib/gcc/x86_64-linux-gnu/5/../../../x86_64-linux-gnu/crti.o] ==> ignore
    arg [/usr/lib/gcc/x86_64-linux-gnu/5/crtbegin.o] ==> ignore
    arg [-L/usr/lib/gcc/x86_64-linux-gnu/5] ==> dir [/usr/lib/gcc/x86_64-linux-gnu/5]
    arg [-L/usr/lib/gcc/x86_64-linux-gnu/5/../../../x86_64-linux-gnu] ==> dir [/usr/lib/gcc/x86_64-linux-gnu/5/../../../x86_64-linux-gnu]
    arg [-L/usr/lib/gcc/x86_64-linux-gnu/5/../../../../lib] ==> dir [/usr/lib/gcc/x86_64-linux-gnu/5/../../../../lib]
    arg [-L/lib/x86_64-linux-gnu] ==> dir [/lib/x86_64-linux-gnu]
    arg [-L/lib/../lib] ==> dir [/lib/../lib]
    arg [-L/usr/lib/x86_64-linux-gnu] ==> dir [/usr/lib/x86_64-linux-gnu]
    arg [-L/usr/lib/../lib] ==> dir [/usr/lib/../lib]
    arg [-L/usr/lib/gcc/x86_64-linux-gnu/5/../../..] ==> dir [/usr/lib/gcc/x86_64-linux-gnu/5/../../..]
    arg [CMakeFiles/cmTC_455ba.dir/CMakeCCompilerABI.c.o] ==> ignore
    arg [-lgcc] ==> lib [gcc]
    arg [--as-needed] ==> ignore
    arg [-lgcc_s] ==> lib [gcc_s]
    arg [--no-as-needed] ==> ignore
    arg [-lc] ==> lib [c]
    arg [-lgcc] ==> lib [gcc]
    arg [--as-needed] ==> ignore
    arg [-lgcc_s] ==> lib [gcc_s]
    arg [--no-as-needed] ==> ignore
    arg [/usr/lib/gcc/x86_64-linux-gnu/5/crtend.o] ==> ignore
    arg [/usr/lib/gcc/x86_64-linux-gnu/5/../../../x86_64-linux-gnu/crtn.o] ==> ignore
  remove lib [gcc]
  remove lib [gcc_s]
  remove lib [gcc]
  remove lib [gcc_s]
  collapse library dir [/usr/lib/gcc/x86_64-linux-gnu/5] ==> [/usr/lib/gcc/x86_64-linux-gnu/5]
  collapse library dir [/usr/lib/gcc/x86_64-linux-gnu/5/../../../x86_64-linux-gnu] ==> [/usr/lib/x86_64-linux-gnu]
  collapse library dir [/usr/lib/gcc/x86_64-linux-gnu/5/../../../../lib] ==> [/usr/lib]
  collapse library dir [/lib/x86_64-linux-gnu] ==> [/lib/x86_64-linux-gnu]
  collapse library dir [/lib/../lib] ==> [/lib]
  collapse library dir [/usr/lib/x86_64-linux-gnu] ==> [/usr/lib/x86_64-linux-gnu]
  collapse library dir [/usr/lib/../lib] ==> [/usr/lib]
  collapse library dir [/usr/lib/gcc/x86_64-linux-gnu/5/../../..] ==> [/usr/lib]
  implicit libs: [c]
  implicit dirs: [/usr/lib/gcc/x86_64-linux-gnu/5;/usr/lib/x86_64-linux-gnu;/usr/lib;/lib/x86_64-linux-gnu;/lib]
  implicit fwks: []




Detecting C [-std=c11] compiler features compiled with the following output:
Change Dir: /home/vishal/Documents/Unit Test/Libraries/build-Debug/cmocka/CMakeFiles/CMakeTmp

Run Build Command:"/usr/bin/make" "cmTC_659e5/fast"
make[1]: Entering directory '/home/vishal/Documents/Unit Test/Libraries/build-Debug/cmocka/CMakeFiles/CMakeTmp'
/usr/bin/make -f CMakeFiles/cmTC_659e5.dir/build.make CMakeFiles/cmTC_659e5.dir/build
make[2]: Entering directory '/home/vishal/Documents/Unit Test/Libraries/build-Debug/cmocka/CMakeFiles/CMakeTmp'
Building C object CMakeFiles/cmTC_659e5.dir/feature_tests.c.o
/usr/bin/cc    -std=c11 -o CMakeFiles/cmTC_659e5.dir/feature_tests.c.o   -c "/home/vishal/Documents/Unit Test/Libraries/build-Debug/cmocka/CMakeFiles/feature_tests.c"
Linking C executable cmTC_659e5
/usr/bin/cmake -E cmake_link_script CMakeFiles/cmTC_659e5.dir/link.txt --verbose=1
/usr/bin/cc       CMakeFiles/cmTC_659e5.dir/feature_tests.c.o  -o cmTC_659e5 -rdynamic 
make[2]: Leaving directory '/home/vishal/Documents/Unit Test/Libraries/build-Debug/cmocka/CMakeFiles/CMakeTmp'
make[1]: Leaving directory '/home/vishal/Documents/Unit Test/Libraries/build-Debug/cmocka/CMakeFiles/CMakeTmp'


    Feature record: C_FEATURE:1c_function_prototypes
    Feature record: C_FEATURE:1c_restrict
    Feature record: C_FEATURE:1c_static_assert
    Feature record: C_FEATURE:1c_variadic_macros


Detecting C [-std=c99] compiler features compiled with the following output:
Change Dir: /home/vishal/Documents/Unit Test/Libraries/build-Debug/cmocka/CMakeFiles/CMakeTmp

Run Build Command:"/usr/bin/make" "cmTC_57fa5/fast"
make[1]: Entering directory '/home/vishal/Documents/Unit Test/Libraries/build-Debug/cmocka/CMakeFiles/CMakeTmp'
/usr/bin/make -f CMakeFiles/cmTC_57fa5.dir/build.make CMakeFiles/cmTC_57fa5.dir/build
make[2]: Entering directory '/home/vishal/Documents/Unit Test/Libraries/build-Debug/cmocka/CMakeFiles/CMakeTmp'
Building C object CMakeFiles/cmTC_57fa5.dir/feature_tests.c.o
/usr/bin/cc    -std=c99 -o CMakeFiles/cmTC_57fa5.dir/feature_tests.c.o   -c "/home/vishal/Documents/Unit Test/Libraries/build-Debug/cmocka/CMakeFiles/feature_tests.c"
Linking C executable cmTC_57fa5
/usr/bin/cmake -E cmake_link_script CMakeFiles/cmTC_57fa5.dir/link.txt --verbose=1
/usr/bin/cc       CMakeFiles/cmTC_57fa5.dir/feature_tests.c.o  -o cmTC_57fa5 -rdynamic 
make[2]: Leaving directory '/home/vishal/Documents/Unit Test/Libraries/build-Debug/cmocka/CMakeFiles/CMakeTmp'
make[1]: Leaving directory '/home/vishal/Documents/Unit Test/Libraries/build-Debug/cmocka/CMakeFiles/CMakeTmp'


    Feature record: C_FEATURE:1c_function_prototypes
    Feature record: C_FEATURE:1c_restrict
    Feature record: C_FEATURE:0c_static_assert
    Feature record: C_FEATURE:1c_variadic_macros


Detecting C [-std=c90] compiler features compiled with the following output:
Change Dir: /home/vishal/Documents/Unit Test/Libraries/build-Debug/cmocka/CMakeFiles/CMakeTmp

Run Build Command:"/usr/bin/make" "cmTC_4fb10/fast"
make[1]: Entering directory '/home/vishal/Documents/Unit Test/Libraries/build-Debug/cmocka/CMakeFiles/CMakeTmp'
/usr/bin/make -f CMakeFiles/cmTC_4fb10.dir/build.make CMakeFiles/cmTC_4fb10.dir/build
make[2]: Entering directory '/home/vishal/Documents/Unit Test/Libraries/build-Debug/cmocka/CMakeFiles/CMakeTmp'
Building C object CMakeFiles/cmTC_4fb10.dir/feature_tests.c.o
/usr/bin/cc    -std=c90 -o CMakeFiles/cmTC_4fb10.dir/feature_tests.c.o   -c "/home/vishal/Documents/Unit Test/Libraries/build-Debug/cmocka/CMakeFiles/feature_tests.c"
Linking C executable cmTC_4fb10
/usr/bin/cmake -E cmake_link_script CMakeFiles/cmTC_4fb10.dir/link.txt --verbose=1
/usr/bin/cc       CMakeFiles/cmTC_4fb10.dir/feature_tests.c.o  -o cmTC_4fb10 -rdynamic 
make[2]: Leaving directory '/home/vishal/Documents/Unit Test/Libraries/build-Debug/cmocka/CMakeFiles/CMakeTmp'
make[1]: Leaving directory '/home/vishal/Documents/Unit Test/Libraries/build-Debug/cmocka/CMakeFiles/CMakeTmp'


    Feature record: C_FEATURE:1c_function_prototypes
    Feature record: C_FEATURE:0c_restrict
    Feature record: C_FEATURE:0c_static_assert
    Feature record: C_FEATURE:0c_variadic_macros
Performing C SOURCE FILE Test WITH_FPIC succeeded with the following output:
Change Dir: /home/vishal/Documents/Unit Test/Libraries/build-Debug/cmocka/CMakeFiles/CMakeTmp

Run Build Command:"/usr/bin/make" "cmTC_371c2/fast"
make[1]: Entering directory '/home/vishal/Documents/Unit Test/Libraries/build-Debug/cmocka/CMakeFiles/CMakeTmp'
/usr/bin/make -f CMakeFiles/cmTC_371c2.dir/build.make CMakeFiles/cmTC_371c2.dir/build
make[2]: Entering directory '/home/vishal/Documents/Unit Test/Libraries/build-Debug/cmocka/CMakeFiles/CMakeTmp'
Building C object CMakeFiles/cmTC_371c2.dir/src.c.o
/usr/bin/cc    -std=gnu99 -pedantic -pedantic-errors -Wall -Wextra -Wshadow -Wmissing-prototypes -Wdeclaration-after-statement -Wunused -Wfloat-equal -Wpointer-arith -Wwrite-strings -Wformat-security -Wmissing-format-attribute -Wundef -Wstrict-prototypes -DWITH_FPIC   -fPIC -o CMakeFiles/cmTC_371c2.dir/src.c.o   -c "/home/vishal/Documents/Unit Test/Libraries/build-Debug/cmocka/CMakeFiles/CMakeTmp/src.c"
Linking C executable cmTC_371c2
/usr/bin/cmake -E cmake_link_script CMakeFiles/cmTC_371c2.dir/link.txt --verbose=1
/usr/bin/cc   -std=gnu99 -pedantic -pedantic-errors -Wall -Wextra -Wshadow -Wmissing-prototypes -Wdeclaration-after-statement -Wunused -Wfloat-equal -Wpointer-arith -Wwrite-strings -Wformat-security -Wmissing-format-attribute -Wundef -Wstrict-prototypes -DWITH_FPIC    CMakeFiles/cmTC_371c2.dir/src.c.o  -o cmTC_371c2 -rdynamic 
make[2]: Leaving directory '/home/vishal/Documents/Unit Test/Libraries/build-Debug/cmocka/CMakeFiles/CMakeTmp'
make[1]: Leaving directory '/home/vishal/Documents/Unit Test/Libraries/build-Debug/cmocka/CMakeFiles/CMakeTmp'

Source file was:
int main(void) { return 0; }
Performing C SOURCE FILE Test WITH_STACK_PROTECTOR succeeded with the following output:
Change Dir: /home/vishal/Documents/Unit Test/Libraries/build-Debug/cmocka/CMakeFiles/CMakeTmp

Run Build Command:"/usr/bin/make" "cmTC_ea4f3/fast"
make[1]: Entering directory '/home/vishal/Documents/Unit Test/Libraries/build-Debug/cmocka/CMakeFiles/CMakeTmp'
/usr/bin/make -f CMakeFiles/cmTC_ea4f3.dir/build.make CMakeFiles/cmTC_ea4f3.dir/build
make[2]: Entering directory '/home/vishal/Documents/Unit Test/Libraries/build-Debug/cmocka/CMakeFiles/CMakeTmp'
Building C object CMakeFiles/cmTC_ea4f3.dir/src.c.o
/usr/bin/cc    -std=gnu99 -pedantic -pedantic-errors -Wall -Wextra -Wshadow -Wmissing-prototypes -Wdeclaration-after-statement -Wunused -Wfloat-equal -Wpointer-arith -Wwrite-strings -Wformat-security -Wmissing-format-attribute -Wundef -Wstrict-prototypes -fPIC -DWITH_STACK_PROTECTOR   -fstack-protector -o CMakeFiles/cmTC_ea4f3.dir/src.c.o   -c "/home/vishal/Documents/Unit Test/Libraries/build-Debug/cmocka/CMakeFiles/CMakeTmp/src.c"
/home/vishal/Documents/Unit Test/Libraries/build-Debug/cmocka/CMakeFiles/CMakeTmp/src.c: In function ‘main’:
/home/vishal/Documents/Unit Test/Libraries/build-Debug/cmocka/CMakeFiles/CMakeTmp/src.c:1:27: warning: unused parameter ‘argv’ [-Wunused-parameter]
 int main(int argc, char **argv) { char buffer[256]; return buffer[argc]=0;}
                           ^
Linking C executable cmTC_ea4f3
/usr/bin/cmake -E cmake_link_script CMakeFiles/cmTC_ea4f3.dir/link.txt --verbose=1
/usr/bin/cc   -std=gnu99 -pedantic -pedantic-errors -Wall -Wextra -Wshadow -Wmissing-prototypes -Wdeclaration-after-statement -Wunused -Wfloat-equal -Wpointer-arith -Wwrite-strings -Wformat-security -Wmissing-format-attribute -Wundef -Wstrict-prototypes -fPIC -DWITH_STACK_PROTECTOR    CMakeFiles/cmTC_ea4f3.dir/src.c.o  -o cmTC_ea4f3 -rdynamic 
make[2]: Leaving directory '/home/vishal/Documents/Unit Test/Libraries/build-Debug/cmocka/CMakeFiles/CMakeTmp'
make[1]: Leaving directory '/home/vishal/Documents/Unit Test/Libraries/build-Debug/cmocka/CMakeFiles/CMakeTmp'

Source file was:
int main(int argc, char **argv) { char buffer[256]; return buffer[argc]=0;}
Performing C SOURCE FILE Test WITH_VISIBILITY_HIDDEN succeeded with the following output:
Change Dir: /home/vishal/Documents/Unit Test/Libraries/build-Debug/cmocka/CMakeFiles/CMakeTmp

Run Build Command:"/usr/bin/make" "cmTC_ed1a0/fast"
make[1]: Entering directory '/home/vishal/Documents/Unit Test/Libraries/build-Debug/cmocka/CMakeFiles/CMakeTmp'
/usr/bin/make -f CMakeFiles/cmTC_ed1a0.dir/build.make CMakeFiles/cmTC_ed1a0.dir/build
make[2]: Entering directory '/home/vishal/Documents/Unit Test/Libraries/build-Debug/cmocka/CMakeFiles/CMakeTmp'
Building C object CMakeFiles/cmTC_ed1a0.dir/src.c.o
/usr/bin/cc    -std=gnu99 -pedantic -pedantic-errors -Wall -Wextra -Wshadow -Wmissing-prototypes -Wdeclaration-after-statement -Wunused -Wfloat-equal -Wpointer-arith -Wwrite-strings -Wformat-security -Wmissing-format-attribute -Wundef -Wstrict-prototypes -fPIC -fstack-protector -D_GNU_SOURCE -D_LARGEFILE64_SOURCE -DWITH_VISIBILITY_HIDDEN   -fvisibility=hidden -o CMakeFiles/cmTC_ed1a0.dir/src.c.o   -c "/home/vishal/Documents/Unit Test/Libraries/build-Debug/cmocka/CMakeFiles/CMakeTmp/src.c"
Linking C executable cmTC_ed1a0
/usr/bin/cmake -E cmake_link_script CMakeFiles/cmTC_ed1a0.dir/link.txt --verbose=1
/usr/bin/cc   -std=gnu99 -pedantic -pedantic-errors -Wall -Wextra -Wshadow -Wmissing-prototypes -Wdeclaration-after-statement -Wunused -Wfloat-equal -Wpointer-arith -Wwrite-strings -Wformat-security -Wmissing-format-attribute -Wundef -Wstrict-prototypes -fPIC -fstack-protector -D_GNU_SOURCE -D_LARGEFILE64_SOURCE -DWITH_VISIBILITY_HIDDEN    CMakeFiles/cmTC_ed1a0.dir/src.c.o  -o cmTC_ed1a0 -rdynamic 
make[2]: Leaving directory '/home/vishal/Documents/Unit Test/Libraries/build-Debug/cmocka/CMakeFiles/CMakeTmp'
make[1]: Leaving directory '/home/vishal/Documents/Unit Test/Libraries/build-Debug/cmocka/CMakeFiles/CMakeTmp'

Source file was:
int main(void) { return 0; }
Determining if the include file assert.h exists passed with the following output:
Change Dir: /home/vishal/Documents/Unit Test/Libraries/build-Debug/cmocka/CMakeFiles/CMakeTmp

Run Build Command:"/usr/bin/make" "cmTC_a0a68/fast"
make[1]: Entering directory '/home/vishal/Documents/Unit Test/Libraries/build-Debug/cmocka/CMakeFiles/CMakeTmp'
/usr/bin/make -f CMakeFiles/cmTC_a0a68.dir/build.make CMakeFiles/cmTC_a0a68.dir/build
make[2]: Entering directory '/home/vishal/Documents/Unit Test/Libraries/build-Debug/cmocka/CMakeFiles/CMakeTmp'
Building C object CMakeFiles/cmTC_a0a68.dir/CheckIncludeFile.c.o
/usr/bin/cc    -std=gnu99 -pedantic -pedantic-errors -Wall -Wextra -Wshadow -Wmissing-prototypes -Wdeclaration-after-statement -Wunused -Wfloat-equal -Wpointer-arith -Wwrite-strings -Wformat-security -Wmissing-format-attribute -Wundef -Wstrict-prototypes -fPIC -fstack-protector -D_GNU_SOURCE -D_LARGEFILE64_SOURCE    -o CMakeFiles/cmTC_a0a68.dir/CheckIncludeFile.c.o   -c "/home/vishal/Documents/Unit Test/Libraries/build-Debug/cmocka/CMakeFiles/CMakeTmp/CheckIncludeFile.c"
Linking C executable cmTC_a0a68
/usr/bin/cmake -E cmake_link_script CMakeFiles/cmTC_a0a68.dir/link.txt --verbose=1
/usr/bin/cc   -std=gnu99 -pedantic -pedantic-errors -Wall -Wextra -Wshadow -Wmissing-prototypes -Wdeclaration-after-statement -Wunused -Wfloat-equal -Wpointer-arith -Wwrite-strings -Wformat-security -Wmissing-format-attribute -Wundef -Wstrict-prototypes -fPIC -fstack-protector -D_GNU_SOURCE -D_LARGEFILE64_SOURCE     CMakeFiles/cmTC_a0a68.dir/CheckIncludeFile.c.o  -o cmTC_a0a68 -rdynamic 
make[2]: Leaving directory '/home/vishal/Documents/Unit Test/Libraries/build-Debug/cmocka/CMakeFiles/CMakeTmp'
make[1]: Leaving directory '/home/vishal/Documents/Unit Test/Libraries/build-Debug/cmocka/CMakeFiles/CMakeTmp'


Determining if the include file inttypes.h exists passed with the following output:
Change Dir: /home/vishal/Documents/Unit Test/Libraries/build-Debug/cmocka/CMakeFiles/CMakeTmp

Run Build Command:"/usr/bin/make" "cmTC_28384/fast"
make[1]: Entering directory '/home/vishal/Documents/Unit Test/Libraries/build-Debug/cmocka/CMakeFiles/CMakeTmp'
/usr/bin/make -f CMakeFiles/cmTC_28384.dir/build.make CMakeFiles/cmTC_28384.dir/build
make[2]: Entering directory '/home/vishal/Documents/Unit Test/Libraries/build-Debug/cmocka/CMakeFiles/CMakeTmp'
Building C object CMakeFiles/cmTC_28384.dir/CheckIncludeFile.c.o
/usr/bin/cc    -std=gnu99 -pedantic -pedantic-errors -Wall -Wextra -Wshadow -Wmissing-prototypes -Wdeclaration-after-statement -Wunused -Wfloat-equal -Wpointer-arith -Wwrite-strings -Wformat-security -Wmissing-format-attribute -Wundef -Wstrict-prototypes -fPIC -fstack-protector -D_GNU_SOURCE -D_LARGEFILE64_SOURCE    -o CMakeFiles/cmTC_28384.dir/CheckIncludeFile.c.o   -c "/home/vishal/Documents/Unit Test/Libraries/build-Debug/cmocka/CMakeFiles/CMakeTmp/CheckIncludeFile.c"
Linking C executable cmTC_28384
/usr/bin/cmake -E cmake_link_script CMakeFiles/cmTC_28384.dir/link.txt --verbose=1
/usr/bin/cc   -std=gnu99 -pedantic -pedantic-errors -Wall -Wextra -Wshadow -Wmissing-prototypes -Wdeclaration-after-statement -Wunused -Wfloat-equal -Wpointer-arith -Wwrite-strings -Wformat-security -Wmissing-format-attribute -Wundef -Wstrict-prototypes -fPIC -fstack-protector -D_GNU_SOURCE -D_LARGEFILE64_SOURCE     CMakeFiles/cmTC_28384.dir/CheckIncludeFile.c.o  -o cmTC_28384 -rdynamic 
make[2]: Leaving directory '/home/vishal/Documents/Unit Test/Libraries/build-Debug/cmocka/CMakeFiles/CMakeTmp'
make[1]: Leaving directory '/home/vishal/Documents/Unit Test/Libraries/build-Debug/cmocka/CMakeFiles/CMakeTmp'


Determining if the include file malloc.h exists passed with the following output:
Change Dir: /home/vishal/Documents/Unit Test/Libraries/build-Debug/cmocka/CMakeFiles/CMakeTmp

Run Build Command:"/usr/bin/make" "cmTC_df5eb/fast"
make[1]: Entering directory '/home/vishal/Documents/Unit Test/Libraries/build-Debug/cmocka/CMakeFiles/CMakeTmp'
/usr/bin/make -f CMakeFiles/cmTC_df5eb.dir/build.make CMakeFiles/cmTC_df5eb.dir/build
make[2]: Entering directory '/home/vishal/Documents/Unit Test/Libraries/build-Debug/cmocka/CMakeFiles/CMakeTmp'
Building C object CMakeFiles/cmTC_df5eb.dir/CheckIncludeFile.c.o
/usr/bin/cc    -std=gnu99 -pedantic -pedantic-errors -Wall -Wextra -Wshadow -Wmissing-prototypes -Wdeclaration-after-statement -Wunused -Wfloat-equal -Wpointer-arith -Wwrite-strings -Wformat-security -Wmissing-format-attribute -Wundef -Wstrict-prototypes -fPIC -fstack-protector -D_GNU_SOURCE -D_LARGEFILE64_SOURCE    -o CMakeFiles/cmTC_df5eb.dir/CheckIncludeFile.c.o   -c "/home/vishal/Documents/Unit Test/Libraries/build-Debug/cmocka/CMakeFiles/CMakeTmp/CheckIncludeFile.c"
Linking C executable cmTC_df5eb
/usr/bin/cmake -E cmake_link_script CMakeFiles/cmTC_df5eb.dir/link.txt --verbose=1
/usr/bin/cc   -std=gnu99 -pedantic -pedantic-errors -Wall -Wextra -Wshadow -Wmissing-prototypes -Wdeclaration-after-statement -Wunused -Wfloat-equal -Wpointer-arith -Wwrite-strings -Wformat-security -Wmissing-format-attribute -Wundef -Wstrict-prototypes -fPIC -fstack-protector -D_GNU_SOURCE -D_LARGEFILE64_SOURCE     CMakeFiles/cmTC_df5eb.dir/CheckIncludeFile.c.o  -o cmTC_df5eb -rdynamic 
make[2]: Leaving directory '/home/vishal/Documents/Unit Test/Libraries/build-Debug/cmocka/CMakeFiles/CMakeTmp'
make[1]: Leaving directory '/home/vishal/Documents/Unit Test/Libraries/build-Debug/cmocka/CMakeFiles/CMakeTmp'


Determining if the include file memory.h exists passed with the following output:
Change Dir: /home/vishal/Documents/Unit Test/Libraries/build-Debug/cmocka/CMakeFiles/CMakeTmp

Run Build Command:"/usr/bin/make" "cmTC_3cb98/fast"
make[1]: Entering directory '/home/vishal/Documents/Unit Test/Libraries/build-Debug/cmocka/CMakeFiles/CMakeTmp'
/usr/bin/make -f CMakeFiles/cmTC_3cb98.dir/build.make CMakeFiles/cmTC_3cb98.dir/build
make[2]: Entering directory '/home/vishal/Documents/Unit Test/Libraries/build-Debug/cmocka/CMakeFiles/CMakeTmp'
Building C object CMakeFiles/cmTC_3cb98.dir/CheckIncludeFile.c.o
/usr/bin/cc    -std=gnu99 -pedantic -pedantic-errors -Wall -Wextra -Wshadow -Wmissing-prototypes -Wdeclaration-after-statement -Wunused -Wfloat-equal -Wpointer-arith -Wwrite-strings -Wformat-security -Wmissing-format-attribute -Wundef -Wstrict-prototypes -fPIC -fstack-protector -D_GNU_SOURCE -D_LARGEFILE64_SOURCE    -o CMakeFiles/cmTC_3cb98.dir/CheckIncludeFile.c.o   -c "/home/vishal/Documents/Unit Test/Libraries/build-Debug/cmocka/CMakeFiles/CMakeTmp/CheckIncludeFile.c"
Linking C executable cmTC_3cb98
/usr/bin/cmake -E cmake_link_script CMakeFiles/cmTC_3cb98.dir/link.txt --verbose=1
/usr/bin/cc   -std=gnu99 -pedantic -pedantic-errors -Wall -Wextra -Wshadow -Wmissing-prototypes -Wdeclaration-after-statement -Wunused -Wfloat-equal -Wpointer-arith -Wwrite-strings -Wformat-security -Wmissing-format-attribute -Wundef -Wstrict-prototypes -fPIC -fstack-protector -D_GNU_SOURCE -D_LARGEFILE64_SOURCE     CMakeFiles/cmTC_3cb98.dir/CheckIncludeFile.c.o  -o cmTC_3cb98 -rdynamic 
make[2]: Leaving directory '/home/vishal/Documents/Unit Test/Libraries/build-Debug/cmocka/CMakeFiles/CMakeTmp'
make[1]: Leaving directory '/home/vishal/Documents/Unit Test/Libraries/build-Debug/cmocka/CMakeFiles/CMakeTmp'


Determining if the include file setjmp.h exists passed with the following output:
Change Dir: /home/vishal/Documents/Unit Test/Libraries/build-Debug/cmocka/CMakeFiles/CMakeTmp

Run Build Command:"/usr/bin/make" "cmTC_1256f/fast"
make[1]: Entering directory '/home/vishal/Documents/Unit Test/Libraries/build-Debug/cmocka/CMakeFiles/CMakeTmp'
/usr/bin/make -f CMakeFiles/cmTC_1256f.dir/build.make CMakeFiles/cmTC_1256f.dir/build
make[2]: Entering directory '/home/vishal/Documents/Unit Test/Libraries/build-Debug/cmocka/CMakeFiles/CMakeTmp'
Building C object CMakeFiles/cmTC_1256f.dir/CheckIncludeFile.c.o
/usr/bin/cc    -std=gnu99 -pedantic -pedantic-errors -Wall -Wextra -Wshadow -Wmissing-prototypes -Wdeclaration-after-statement -Wunused -Wfloat-equal -Wpointer-arith -Wwrite-strings -Wformat-security -Wmissing-format-attribute -Wundef -Wstrict-prototypes -fPIC -fstack-protector -D_GNU_SOURCE -D_LARGEFILE64_SOURCE    -o CMakeFiles/cmTC_1256f.dir/CheckIncludeFile.c.o   -c "/home/vishal/Documents/Unit Test/Libraries/build-Debug/cmocka/CMakeFiles/CMakeTmp/CheckIncludeFile.c"
Linking C executable cmTC_1256f
/usr/bin/cmake -E cmake_link_script CMakeFiles/cmTC_1256f.dir/link.txt --verbose=1
/usr/bin/cc   -std=gnu99 -pedantic -pedantic-errors -Wall -Wextra -Wshadow -Wmissing-prototypes -Wdeclaration-after-statement -Wunused -Wfloat-equal -Wpointer-arith -Wwrite-strings -Wformat-security -Wmissing-format-attribute -Wundef -Wstrict-prototypes -fPIC -fstack-protector -D_GNU_SOURCE -D_LARGEFILE64_SOURCE     CMakeFiles/cmTC_1256f.dir/CheckIncludeFile.c.o  -o cmTC_1256f -rdynamic 
make[2]: Leaving directory '/home/vishal/Documents/Unit Test/Libraries/build-Debug/cmocka/CMakeFiles/CMakeTmp'
make[1]: Leaving directory '/home/vishal/Documents/Unit Test/Libraries/build-Debug/cmocka/CMakeFiles/CMakeTmp'


Determining if the include file signal.h exists passed with the following output:
Change Dir: /home/vishal/Documents/Unit Test/Libraries/build-Debug/cmocka/CMakeFiles/CMakeTmp

Run Build Command:"/usr/bin/make" "cmTC_f80f6/fast"
make[1]: Entering directory '/home/vishal/Documents/Unit Test/Libraries/build-Debug/cmocka/CMakeFiles/CMakeTmp'
/usr/bin/make -f CMakeFiles/cmTC_f80f6.dir/build.make CMakeFiles/cmTC_f80f6.dir/build
make[2]: Entering directory '/home/vishal/Documents/Unit Test/Libraries/build-Debug/cmocka/CMakeFiles/CMakeTmp'
Building C object CMakeFiles/cmTC_f80f6.dir/CheckIncludeFile.c.o
/usr/bin/cc    -std=gnu99 -pedantic -pedantic-errors -Wall -Wextra -Wshadow -Wmissing-prototypes -Wdeclaration-after-statement -Wunused -Wfloat-equal -Wpointer-arith -Wwrite-strings -Wformat-security -Wmissing-format-attribute -Wundef -Wstrict-prototypes -fPIC -fstack-protector -D_GNU_SOURCE -D_LARGEFILE64_SOURCE    -o CMakeFiles/cmTC_f80f6.dir/CheckIncludeFile.c.o   -c "/home/vishal/Documents/Unit Test/Libraries/build-Debug/cmocka/CMakeFiles/CMakeTmp/CheckIncludeFile.c"
Linking C executable cmTC_f80f6
/usr/bin/cmake -E cmake_link_script CMakeFiles/cmTC_f80f6.dir/link.txt --verbose=1
/usr/bin/cc   -std=gnu99 -pedantic -pedantic-errors -Wall -Wextra -Wshadow -Wmissing-prototypes -Wdeclaration-after-statement -Wunused -Wfloat-equal -Wpointer-arith -Wwrite-strings -Wformat-security -Wmissing-format-attribute -Wundef -Wstrict-prototypes -fPIC -fstack-protector -D_GNU_SOURCE -D_LARGEFILE64_SOURCE     CMakeFiles/cmTC_f80f6.dir/CheckIncludeFile.c.o  -o cmTC_f80f6 -rdynamic 
make[2]: Leaving directory '/home/vishal/Documents/Unit Test/Libraries/build-Debug/cmocka/CMakeFiles/CMakeTmp'
make[1]: Leaving directory '/home/vishal/Documents/Unit Test/Libraries/build-Debug/cmocka/CMakeFiles/CMakeTmp'


Determining if the include file stdarg.h exists passed with the following output:
Change Dir: /home/vishal/Documents/Unit Test/Libraries/build-Debug/cmocka/CMakeFiles/CMakeTmp

Run Build Command:"/usr/bin/make" "cmTC_812ec/fast"
make[1]: Entering directory '/home/vishal/Documents/Unit Test/Libraries/build-Debug/cmocka/CMakeFiles/CMakeTmp'
/usr/bin/make -f CMakeFiles/cmTC_812ec.dir/build.make CMakeFiles/cmTC_812ec.dir/build
make[2]: Entering directory '/home/vishal/Documents/Unit Test/Libraries/build-Debug/cmocka/CMakeFiles/CMakeTmp'
Building C object CMakeFiles/cmTC_812ec.dir/CheckIncludeFile.c.o
/usr/bin/cc    -std=gnu99 -pedantic -pedantic-errors -Wall -Wextra -Wshadow -Wmissing-prototypes -Wdeclaration-after-statement -Wunused -Wfloat-equal -Wpointer-arith -Wwrite-strings -Wformat-security -Wmissing-format-attribute -Wundef -Wstrict-prototypes -fPIC -fstack-protector -D_GNU_SOURCE -D_LARGEFILE64_SOURCE    -o CMakeFiles/cmTC_812ec.dir/CheckIncludeFile.c.o   -c "/home/vishal/Documents/Unit Test/Libraries/build-Debug/cmocka/CMakeFiles/CMakeTmp/CheckIncludeFile.c"
Linking C executable cmTC_812ec
/usr/bin/cmake -E cmake_link_script CMakeFiles/cmTC_812ec.dir/link.txt --verbose=1
/usr/bin/cc   -std=gnu99 -pedantic -pedantic-errors -Wall -Wextra -Wshadow -Wmissing-prototypes -Wdeclaration-after-statement -Wunused -Wfloat-equal -Wpointer-arith -Wwrite-strings -Wformat-security -Wmissing-format-attribute -Wundef -Wstrict-prototypes -fPIC -fstack-protector -D_GNU_SOURCE -D_LARGEFILE64_SOURCE     CMakeFiles/cmTC_812ec.dir/CheckIncludeFile.c.o  -o cmTC_812ec -rdynamic 
make[2]: Leaving directory '/home/vishal/Documents/Unit Test/Libraries/build-Debug/cmocka/CMakeFiles/CMakeTmp'
make[1]: Leaving directory '/home/vishal/Documents/Unit Test/Libraries/build-Debug/cmocka/CMakeFiles/CMakeTmp'


Determining if the include file stddef.h exists passed with the following output:
Change Dir: /home/vishal/Documents/Unit Test/Libraries/build-Debug/cmocka/CMakeFiles/CMakeTmp

Run Build Command:"/usr/bin/make" "cmTC_55db9/fast"
make[1]: Entering directory '/home/vishal/Documents/Unit Test/Libraries/build-Debug/cmocka/CMakeFiles/CMakeTmp'
/usr/bin/make -f CMakeFiles/cmTC_55db9.dir/build.make CMakeFiles/cmTC_55db9.dir/build
make[2]: Entering directory '/home/vishal/Documents/Unit Test/Libraries/build-Debug/cmocka/CMakeFiles/CMakeTmp'
Building C object CMakeFiles/cmTC_55db9.dir/CheckIncludeFile.c.o
/usr/bin/cc    -std=gnu99 -pedantic -pedantic-errors -Wall -Wextra -Wshadow -Wmissing-prototypes -Wdeclaration-after-statement -Wunused -Wfloat-equal -Wpointer-arith -Wwrite-strings -Wformat-security -Wmissing-format-attribute -Wundef -Wstrict-prototypes -fPIC -fstack-protector -D_GNU_SOURCE -D_LARGEFILE64_SOURCE    -o CMakeFiles/cmTC_55db9.dir/CheckIncludeFile.c.o   -c "/home/vishal/Documents/Unit Test/Libraries/build-Debug/cmocka/CMakeFiles/CMakeTmp/CheckIncludeFile.c"
Linking C executable cmTC_55db9
/usr/bin/cmake -E cmake_link_script CMakeFiles/cmTC_55db9.dir/link.txt --verbose=1
/usr/bin/cc   -std=gnu99 -pedantic -pedantic-errors -Wall -Wextra -Wshadow -Wmissing-prototypes -Wdeclaration-after-statement -Wunused -Wfloat-equal -Wpointer-arith -Wwrite-strings -Wformat-security -Wmissing-format-attribute -Wundef -Wstrict-prototypes -fPIC -fstack-protector -D_GNU_SOURCE -D_LARGEFILE64_SOURCE     CMakeFiles/cmTC_55db9.dir/CheckIncludeFile.c.o  -o cmTC_55db9 -rdynamic 
make[2]: Leaving directory '/home/vishal/Documents/Unit Test/Libraries/build-Debug/cmocka/CMakeFiles/CMakeTmp'
make[1]: Leaving directory '/home/vishal/Documents/Unit Test/Libraries/build-Debug/cmocka/CMakeFiles/CMakeTmp'


Determining if the include file stdint.h exists passed with the following output:
Change Dir: /home/vishal/Documents/Unit Test/Libraries/build-Debug/cmocka/CMakeFiles/CMakeTmp

Run Build Command:"/usr/bin/make" "cmTC_ac6d4/fast"
make[1]: Entering directory '/home/vishal/Documents/Unit Test/Libraries/build-Debug/cmocka/CMakeFiles/CMakeTmp'
/usr/bin/make -f CMakeFiles/cmTC_ac6d4.dir/build.make CMakeFiles/cmTC_ac6d4.dir/build
make[2]: Entering directory '/home/vishal/Documents/Unit Test/Libraries/build-Debug/cmocka/CMakeFiles/CMakeTmp'
Building C object CMakeFiles/cmTC_ac6d4.dir/CheckIncludeFile.c.o
/usr/bin/cc    -std=gnu99 -pedantic -pedantic-errors -Wall -Wextra -Wshadow -Wmissing-prototypes -Wdeclaration-after-statement -Wunused -Wfloat-equal -Wpointer-arith -Wwrite-strings -Wformat-security -Wmissing-format-attribute -Wundef -Wstrict-prototypes -fPIC -fstack-protector -D_GNU_SOURCE -D_LARGEFILE64_SOURCE    -o CMakeFiles/cmTC_ac6d4.dir/CheckIncludeFile.c.o   -c "/home/vishal/Documents/Unit Test/Libraries/build-Debug/cmocka/CMakeFiles/CMakeTmp/CheckIncludeFile.c"
Linking C executable cmTC_ac6d4
/usr/bin/cmake -E cmake_link_script CMakeFiles/cmTC_ac6d4.dir/link.txt --verbose=1
/usr/bin/cc   -std=gnu99 -pedantic -pedantic-errors -Wall -Wextra -Wshadow -Wmissing-prototypes -Wdeclaration-after-statement -Wunused -Wfloat-equal -Wpointer-arith -Wwrite-strings -Wformat-security -Wmissing-format-attribute -Wundef -Wstrict-prototypes -fPIC -fstack-protector -D_GNU_SOURCE -D_LARGEFILE64_SOURCE     CMakeFiles/cmTC_ac6d4.dir/CheckIncludeFile.c.o  -o cmTC_ac6d4 -rdynamic 
make[2]: Leaving directory '/home/vishal/Documents/Unit Test/Libraries/build-Debug/cmocka/CMakeFiles/CMakeTmp'
make[1]: Leaving directory '/home/vishal/Documents/Unit Test/Libraries/build-Debug/cmocka/CMakeFiles/CMakeTmp'


Determining if the include file stdio.h exists passed with the following output:
Change Dir: /home/vishal/Documents/Unit Test/Libraries/build-Debug/cmocka/CMakeFiles/CMakeTmp

Run Build Command:"/usr/bin/make" "cmTC_c6694/fast"
make[1]: Entering directory '/home/vishal/Documents/Unit Test/Libraries/build-Debug/cmocka/CMakeFiles/CMakeTmp'
/usr/bin/make -f CMakeFiles/cmTC_c6694.dir/build.make CMakeFiles/cmTC_c6694.dir/build
make[2]: Entering directory '/home/vishal/Documents/Unit Test/Libraries/build-Debug/cmocka/CMakeFiles/CMakeTmp'
Building C object CMakeFiles/cmTC_c6694.dir/CheckIncludeFile.c.o
/usr/bin/cc    -std=gnu99 -pedantic -pedantic-errors -Wall -Wextra -Wshadow -Wmissing-prototypes -Wdeclaration-after-statement -Wunused -Wfloat-equal -Wpointer-arith -Wwrite-strings -Wformat-security -Wmissing-format-attribute -Wundef -Wstrict-prototypes -fPIC -fstack-protector -D_GNU_SOURCE -D_LARGEFILE64_SOURCE    -o CMakeFiles/cmTC_c6694.dir/CheckIncludeFile.c.o   -c "/home/vishal/Documents/Unit Test/Libraries/build-Debug/cmocka/CMakeFiles/CMakeTmp/CheckIncludeFile.c"
Linking C executable cmTC_c6694
/usr/bin/cmake -E cmake_link_script CMakeFiles/cmTC_c6694.dir/link.txt --verbose=1
/usr/bin/cc   -std=gnu99 -pedantic -pedantic-errors -Wall -Wextra -Wshadow -Wmissing-prototypes -Wdeclaration-after-statement -Wunused -Wfloat-equal -Wpointer-arith -Wwrite-strings -Wformat-security -Wmissing-format-attribute -Wundef -Wstrict-prototypes -fPIC -fstack-protector -D_GNU_SOURCE -D_LARGEFILE64_SOURCE     CMakeFiles/cmTC_c6694.dir/CheckIncludeFile.c.o  -o cmTC_c6694 -rdynamic 
make[2]: Leaving directory '/home/vishal/Documents/Unit Test/Libraries/build-Debug/cmocka/CMakeFiles/CMakeTmp'
make[1]: Leaving directory '/home/vishal/Documents/Unit Test/Libraries/build-Debug/cmocka/CMakeFiles/CMakeTmp'


Determining if the include file stdlib.h exists passed with the following output:
Change Dir: /home/vishal/Documents/Unit Test/Libraries/build-Debug/cmocka/CMakeFiles/CMakeTmp

Run Build Command:"/usr/bin/make" "cmTC_9d88a/fast"
make[1]: Entering directory '/home/vishal/Documents/Unit Test/Libraries/build-Debug/cmocka/CMakeFiles/CMakeTmp'
/usr/bin/make -f CMakeFiles/cmTC_9d88a.dir/build.make CMakeFiles/cmTC_9d88a.dir/build
make[2]: Entering directory '/home/vishal/Documents/Unit Test/Libraries/build-Debug/cmocka/CMakeFiles/CMakeTmp'
Building C object CMakeFiles/cmTC_9d88a.dir/CheckIncludeFile.c.o
/usr/bin/cc    -std=gnu99 -pedantic -pedantic-errors -Wall -Wextra -Wshadow -Wmissing-prototypes -Wdeclaration-after-statement -Wunused -Wfloat-equal -Wpointer-arith -Wwrite-strings -Wformat-security -Wmissing-format-attribute -Wundef -Wstrict-prototypes -fPIC -fstack-protector -D_GNU_SOURCE -D_LARGEFILE64_SOURCE    -o CMakeFiles/cmTC_9d88a.dir/CheckIncludeFile.c.o   -c "/home/vishal/Documents/Unit Test/Libraries/build-Debug/cmocka/CMakeFiles/CMakeTmp/CheckIncludeFile.c"
Linking C executable cmTC_9d88a
/usr/bin/cmake -E cmake_link_script CMakeFiles/cmTC_9d88a.dir/link.txt --verbose=1
/usr/bin/cc   -std=gnu99 -pedantic -pedantic-errors -Wall -Wextra -Wshadow -Wmissing-prototypes -Wdeclaration-after-statement -Wunused -Wfloat-equal -Wpointer-arith -Wwrite-strings -Wformat-security -Wmissing-format-attribute -Wundef -Wstrict-prototypes -fPIC -fstack-protector -D_GNU_SOURCE -D_LARGEFILE64_SOURCE     CMakeFiles/cmTC_9d88a.dir/CheckIncludeFile.c.o  -o cmTC_9d88a -rdynamic 
make[2]: Leaving directory '/home/vishal/Documents/Unit Test/Libraries/build-Debug/cmocka/CMakeFiles/CMakeTmp'
make[1]: Leaving directory '/home/vishal/Documents/Unit Test/Libraries/build-Debug/cmocka/CMakeFiles/CMakeTmp'


Determining if the include file string.h exists passed with the following output:
Change Dir: /home/vishal/Documents/Unit Test/Libraries/build-Debug/cmocka/CMakeFiles/CMakeTmp

Run Build Command:"/usr/bin/make" "cmTC_0fbef/fast"
make[1]: Entering directory '/home/vishal/Documents/Unit Test/Libraries/build-Debug/cmocka/CMakeFiles/CMakeTmp'
/usr/bin/make -f CMakeFiles/cmTC_0fbef.dir/build.make CMakeFiles/cmTC_0fbef.dir/build
make[2]: Entering directory '/home/vishal/Documents/Unit Test/Libraries/build-Debug/cmocka/CMakeFiles/CMakeTmp'
Building C object CMakeFiles/cmTC_0fbef.dir/CheckIncludeFile.c.o
/usr/bin/cc    -std=gnu99 -pedantic -pedantic-errors -Wall -Wextra -Wshadow -Wmissing-prototypes -Wdeclaration-after-statement -Wunused -Wfloat-equal -Wpointer-arith -Wwrite-strings -Wformat-security -Wmissing-format-attribute -Wundef -Wstrict-prototypes -fPIC -fstack-protector -D_GNU_SOURCE -D_LARGEFILE64_SOURCE    -o CMakeFiles/cmTC_0fbef.dir/CheckIncludeFile.c.o   -c "/home/vishal/Documents/Unit Test/Libraries/build-Debug/cmocka/CMakeFiles/CMakeTmp/CheckIncludeFile.c"
Linking C executable cmTC_0fbef
/usr/bin/cmake -E cmake_link_script CMakeFiles/cmTC_0fbef.dir/link.txt --verbose=1
/usr/bin/cc   -std=gnu99 -pedantic -pedantic-errors -Wall -Wextra -Wshadow -Wmissing-prototypes -Wdeclaration-after-statement -Wunused -Wfloat-equal -Wpointer-arith -Wwrite-strings -Wformat-security -Wmissing-format-attribute -Wundef -Wstrict-prototypes -fPIC -fstack-protector -D_GNU_SOURCE -D_LARGEFILE64_SOURCE     CMakeFiles/cmTC_0fbef.dir/CheckIncludeFile.c.o  -o cmTC_0fbef -rdynamic 
make[2]: Leaving directory '/home/vishal/Documents/Unit Test/Libraries/build-Debug/cmocka/CMakeFiles/CMakeTmp'
make[1]: Leaving directory '/home/vishal/Documents/Unit Test/Libraries/build-Debug/cmocka/CMakeFiles/CMakeTmp'


Determining if the include file strings.h exists passed with the following output:
Change Dir: /home/vishal/Documents/Unit Test/Libraries/build-Debug/cmocka/CMakeFiles/CMakeTmp

Run Build Command:"/usr/bin/make" "cmTC_a0805/fast"
make[1]: Entering directory '/home/vishal/Documents/Unit Test/Libraries/build-Debug/cmocka/CMakeFiles/CMakeTmp'
/usr/bin/make -f CMakeFiles/cmTC_a0805.dir/build.make CMakeFiles/cmTC_a0805.dir/build
make[2]: Entering directory '/home/vishal/Documents/Unit Test/Libraries/build-Debug/cmocka/CMakeFiles/CMakeTmp'
Building C object CMakeFiles/cmTC_a0805.dir/CheckIncludeFile.c.o
/usr/bin/cc    -std=gnu99 -pedantic -pedantic-errors -Wall -Wextra -Wshadow -Wmissing-prototypes -Wdeclaration-after-statement -Wunused -Wfloat-equal -Wpointer-arith -Wwrite-strings -Wformat-security -Wmissing-format-attribute -Wundef -Wstrict-prototypes -fPIC -fstack-protector -D_GNU_SOURCE -D_LARGEFILE64_SOURCE    -o CMakeFiles/cmTC_a0805.dir/CheckIncludeFile.c.o   -c "/home/vishal/Documents/Unit Test/Libraries/build-Debug/cmocka/CMakeFiles/CMakeTmp/CheckIncludeFile.c"
Linking C executable cmTC_a0805
/usr/bin/cmake -E cmake_link_script CMakeFiles/cmTC_a0805.dir/link.txt --verbose=1
/usr/bin/cc   -std=gnu99 -pedantic -pedantic-errors -Wall -Wextra -Wshadow -Wmissing-prototypes -Wdeclaration-after-statement -Wunused -Wfloat-equal -Wpointer-arith -Wwrite-strings -Wformat-security -Wmissing-format-attribute -Wundef -Wstrict-prototypes -fPIC -fstack-protector -D_GNU_SOURCE -D_LARGEFILE64_SOURCE     CMakeFiles/cmTC_a0805.dir/CheckIncludeFile.c.o  -o cmTC_a0805 -rdynamic 
make[2]: Leaving directory '/home/vishal/Documents/Unit Test/Libraries/build-Debug/cmocka/CMakeFiles/CMakeTmp'
make[1]: Leaving directory '/home/vishal/Documents/Unit Test/Libraries/build-Debug/cmocka/CMakeFiles/CMakeTmp'


Determining if the include file sys/stat.h exists passed with the following output:
Change Dir: /home/vishal/Documents/Unit Test/Libraries/build-Debug/cmocka/CMakeFiles/CMakeTmp

Run Build Command:"/usr/bin/make" "cmTC_b5d5e/fast"
make[1]: Entering directory '/home/vishal/Documents/Unit Test/Libraries/build-Debug/cmocka/CMakeFiles/CMakeTmp'
/usr/bin/make -f CMakeFiles/cmTC_b5d5e.dir/build.make CMakeFiles/cmTC_b5d5e.dir/build
make[2]: Entering directory '/home/vishal/Documents/Unit Test/Libraries/build-Debug/cmocka/CMakeFiles/CMakeTmp'
Building C object CMakeFiles/cmTC_b5d5e.dir/CheckIncludeFile.c.o
/usr/bin/cc    -std=gnu99 -pedantic -pedantic-errors -Wall -Wextra -Wshadow -Wmissing-prototypes -Wdeclaration-after-statement -Wunused -Wfloat-equal -Wpointer-arith -Wwrite-strings -Wformat-security -Wmissing-format-attribute -Wundef -Wstrict-prototypes -fPIC -fstack-protector -D_GNU_SOURCE -D_LARGEFILE64_SOURCE    -o CMakeFiles/cmTC_b5d5e.dir/CheckIncludeFile.c.o   -c "/home/vishal/Documents/Unit Test/Libraries/build-Debug/cmocka/CMakeFiles/CMakeTmp/CheckIncludeFile.c"
Linking C executable cmTC_b5d5e
/usr/bin/cmake -E cmake_link_script CMakeFiles/cmTC_b5d5e.dir/link.txt --verbose=1
/usr/bin/cc   -std=gnu99 -pedantic -pedantic-errors -Wall -Wextra -Wshadow -Wmissing-prototypes -Wdeclaration-after-statement -Wunused -Wfloat-equal -Wpointer-arith -Wwrite-strings -Wformat-security -Wmissing-format-attribute -Wundef -Wstrict-prototypes -fPIC -fstack-protector -D_GNU_SOURCE -D_LARGEFILE64_SOURCE     CMakeFiles/cmTC_b5d5e.dir/CheckIncludeFile.c.o  -o cmTC_b5d5e -rdynamic 
make[2]: Leaving directory '/home/vishal/Documents/Unit Test/Libraries/build-Debug/cmocka/CMakeFiles/CMakeTmp'
make[1]: Leaving directory '/home/vishal/Documents/Unit Test/Libraries/build-Debug/cmocka/CMakeFiles/CMakeTmp'


Determining if the include file sys/types.h exists passed with the following output:
Change Dir: /home/vishal/Documents/Unit Test/Libraries/build-Debug/cmocka/CMakeFiles/CMakeTmp

Run Build Command:"/usr/bin/make" "cmTC_9449d/fast"
make[1]: Entering directory '/home/vishal/Documents/Unit Test/Libraries/build-Debug/cmocka/CMakeFiles/CMakeTmp'
/usr/bin/make -f CMakeFiles/cmTC_9449d.dir/build.make CMakeFiles/cmTC_9449d.dir/build
make[2]: Entering directory '/home/vishal/Documents/Unit Test/Libraries/build-Debug/cmocka/CMakeFiles/CMakeTmp'
Building C object CMakeFiles/cmTC_9449d.dir/CheckIncludeFile.c.o
/usr/bin/cc    -std=gnu99 -pedantic -pedantic-errors -Wall -Wextra -Wshadow -Wmissing-prototypes -Wdeclaration-after-statement -Wunused -Wfloat-equal -Wpointer-arith -Wwrite-strings -Wformat-security -Wmissing-format-attribute -Wundef -Wstrict-prototypes -fPIC -fstack-protector -D_GNU_SOURCE -D_LARGEFILE64_SOURCE    -o CMakeFiles/cmTC_9449d.dir/CheckIncludeFile.c.o   -c "/home/vishal/Documents/Unit Test/Libraries/build-Debug/cmocka/CMakeFiles/CMakeTmp/CheckIncludeFile.c"
Linking C executable cmTC_9449d
/usr/bin/cmake -E cmake_link_script CMakeFiles/cmTC_9449d.dir/link.txt --verbose=1
/usr/bin/cc   -std=gnu99 -pedantic -pedantic-errors -Wall -Wextra -Wshadow -Wmissing-prototypes -Wdeclaration-after-statement -Wunused -Wfloat-equal -Wpointer-arith -Wwrite-strings -Wformat-security -Wmissing-format-attribute -Wundef -Wstrict-prototypes -fPIC -fstack-protector -D_GNU_SOURCE -D_LARGEFILE64_SOURCE     CMakeFiles/cmTC_9449d.dir/CheckIncludeFile.c.o  -o cmTC_9449d -rdynamic 
make[2]: Leaving directory '/home/vishal/Documents/Unit Test/Libraries/build-Debug/cmocka/CMakeFiles/CMakeTmp'
make[1]: Leaving directory '/home/vishal/Documents/Unit Test/Libraries/build-Debug/cmocka/CMakeFiles/CMakeTmp'


Determining if the include file time.h exists passed with the following output:
Change Dir: /home/vishal/Documents/Unit Test/Libraries/build-Debug/cmocka/CMakeFiles/CMakeTmp

Run Build Command:"/usr/bin/make" "cmTC_3b716/fast"
make[1]: Entering directory '/home/vishal/Documents/Unit Test/Libraries/build-Debug/cmocka/CMakeFiles/CMakeTmp'
/usr/bin/make -f CMakeFiles/cmTC_3b716.dir/build.make CMakeFiles/cmTC_3b716.dir/build
make[2]: Entering directory '/home/vishal/Documents/Unit Test/Libraries/build-Debug/cmocka/CMakeFiles/CMakeTmp'
Building C object CMakeFiles/cmTC_3b716.dir/CheckIncludeFile.c.o
/usr/bin/cc    -std=gnu99 -pedantic -pedantic-errors -Wall -Wextra -Wshadow -Wmissing-prototypes -Wdeclaration-after-statement -Wunused -Wfloat-equal -Wpointer-arith -Wwrite-strings -Wformat-security -Wmissing-format-attribute -Wundef -Wstrict-prototypes -fPIC -fstack-protector -D_GNU_SOURCE -D_LARGEFILE64_SOURCE    -o CMakeFiles/cmTC_3b716.dir/CheckIncludeFile.c.o   -c "/home/vishal/Documents/Unit Test/Libraries/build-Debug/cmocka/CMakeFiles/CMakeTmp/CheckIncludeFile.c"
Linking C executable cmTC_3b716
/usr/bin/cmake -E cmake_link_script CMakeFiles/cmTC_3b716.dir/link.txt --verbose=1
/usr/bin/cc   -std=gnu99 -pedantic -pedantic-errors -Wall -Wextra -Wshadow -Wmissing-prototypes -Wdeclaration-after-statement -Wunused -Wfloat-equal -Wpointer-arith -Wwrite-strings -Wformat-security -Wmissing-format-attribute -Wundef -Wstrict-prototypes -fPIC -fstack-protector -D_GNU_SOURCE -D_LARGEFILE64_SOURCE     CMakeFiles/cmTC_3b716.dir/CheckIncludeFile.c.o  -o cmTC_3b716 -rdynamic 
make[2]: Leaving directory '/home/vishal/Documents/Unit Test/Libraries/build-Debug/cmocka/CMakeFiles/CMakeTmp'
make[1]: Leaving directory '/home/vishal/Documents/Unit Test/Libraries/build-Debug/cmocka/CMakeFiles/CMakeTmp'


Determining if the include file unistd.h exists passed with the following output:
Change Dir: /home/vishal/Documents/Unit Test/Libraries/build-Debug/cmocka/CMakeFiles/CMakeTmp

Run Build Command:"/usr/bin/make" "cmTC_00a30/fast"
make[1]: Entering directory '/home/vishal/Documents/Unit Test/Libraries/build-Debug/cmocka/CMakeFiles/CMakeTmp'
/usr/bin/make -f CMakeFiles/cmTC_00a30.dir/build.make CMakeFiles/cmTC_00a30.dir/build
make[2]: Entering directory '/home/vishal/Documents/Unit Test/Libraries/build-Debug/cmocka/CMakeFiles/CMakeTmp'
Building C object CMakeFiles/cmTC_00a30.dir/CheckIncludeFile.c.o
/usr/bin/cc    -std=gnu99 -pedantic -pedantic-errors -Wall -Wextra -Wshadow -Wmissing-prototypes -Wdeclaration-after-statement -Wunused -Wfloat-equal -Wpointer-arith -Wwrite-strings -Wformat-security -Wmissing-format-attribute -Wundef -Wstrict-prototypes -fPIC -fstack-protector -D_GNU_SOURCE -D_LARGEFILE64_SOURCE    -o CMakeFiles/cmTC_00a30.dir/CheckIncludeFile.c.o   -c "/home/vishal/Documents/Unit Test/Libraries/build-Debug/cmocka/CMakeFiles/CMakeTmp/CheckIncludeFile.c"
Linking C executable cmTC_00a30
/usr/bin/cmake -E cmake_link_script CMakeFiles/cmTC_00a30.dir/link.txt --verbose=1
/usr/bin/cc   -std=gnu99 -pedantic -pedantic-errors -Wall -Wextra -Wshadow -Wmissing-prototypes -Wdeclaration-after-statement -Wunused -Wfloat-equal -Wpointer-arith -Wwrite-strings -Wformat-security -Wmissing-format-attribute -Wundef -Wstrict-prototypes -fPIC -fstack-protector -D_GNU_SOURCE -D_LARGEFILE64_SOURCE     CMakeFiles/cmTC_00a30.dir/CheckIncludeFile.c.o  -o cmTC_00a30 -rdynamic 
make[2]: Leaving directory '/home/vishal/Documents/Unit Test/Libraries/build-Debug/cmocka/CMakeFiles/CMakeTmp'
make[1]: Leaving directory '/home/vishal/Documents/Unit Test/Libraries/build-Debug/cmocka/CMakeFiles/CMakeTmp'


Performing C SOURCE FILE Test HAVE_STRUCT_TIMESPEC succeeded with the following output:
Change Dir: /home/vishal/Documents/Unit Test/Libraries/build-Debug/cmocka/CMakeFiles/CMakeTmp

Run Build Command:"/usr/bin/make" "cmTC_f54d4/fast"
make[1]: Entering directory '/home/vishal/Documents/Unit Test/Libraries/build-Debug/cmocka/CMakeFiles/CMakeTmp'
/usr/bin/make -f CMakeFiles/cmTC_f54d4.dir/build.make CMakeFiles/cmTC_f54d4.dir/build
make[2]: Entering directory '/home/vishal/Documents/Unit Test/Libraries/build-Debug/cmocka/CMakeFiles/CMakeTmp'
Building C object CMakeFiles/cmTC_f54d4.dir/src.c.o
/usr/bin/cc    -std=gnu99 -pedantic -pedantic-errors -Wall -Wextra -Wshadow -Wmissing-prototypes -Wdeclaration-after-statement -Wunused -Wfloat-equal -Wpointer-arith -Wwrite-strings -Wformat-security -Wmissing-format-attribute -Wundef -Wstrict-prototypes -fPIC -fstack-protector -D_GNU_SOURCE -D_LARGEFILE64_SOURCE -DHAVE_STRUCT_TIMESPEC   -o CMakeFiles/cmTC_f54d4.dir/src.c.o   -c "/home/vishal/Documents/Unit Test/Libraries/build-Debug/cmocka/CMakeFiles/CMakeTmp/src.c"
/home/vishal/Documents/Unit Test/Libraries/build-Debug/cmocka/CMakeFiles/CMakeTmp/src.c:4:5: warning: function declaration isn’t a prototype [-Wstrict-prototypes]
 int main()
     ^
Linking C executable cmTC_f54d4
/usr/bin/cmake -E cmake_link_script CMakeFiles/cmTC_f54d4.dir/link.txt --verbose=1
/usr/bin/cc   -std=gnu99 -pedantic -pedantic-errors -Wall -Wextra -Wshadow -Wmissing-prototypes -Wdeclaration-after-statement -Wunused -Wfloat-equal -Wpointer-arith -Wwrite-strings -Wformat-security -Wmissing-format-attribute -Wundef -Wstrict-prototypes -fPIC -fstack-protector -D_GNU_SOURCE -D_LARGEFILE64_SOURCE -DHAVE_STRUCT_TIMESPEC    CMakeFiles/cmTC_f54d4.dir/src.c.o  -o cmTC_f54d4 -rdynamic 
make[2]: Leaving directory '/home/vishal/Documents/Unit Test/Libraries/build-Debug/cmocka/CMakeFiles/CMakeTmp'
make[1]: Leaving directory '/home/vishal/Documents/Unit Test/Libraries/build-Debug/cmocka/CMakeFiles/CMakeTmp'

Source file was:

#include <time.h>

int main()
{
   (void)sizeof(((struct timespec *)0)->tv_sec);
   return 0;
}

Determining if the function calloc exists passed with the following output:
Change Dir: /home/vishal/Documents/Unit Test/Libraries/build-Debug/cmocka/CMakeFiles/CMakeTmp

Run Build Command:"/usr/bin/make" "cmTC_12327/fast"
make[1]: Entering directory '/home/vishal/Documents/Unit Test/Libraries/build-Debug/cmocka/CMakeFiles/CMakeTmp'
/usr/bin/make -f CMakeFiles/cmTC_12327.dir/build.make CMakeFiles/cmTC_12327.dir/build
make[2]: Entering directory '/home/vishal/Documents/Unit Test/Libraries/build-Debug/cmocka/CMakeFiles/CMakeTmp'
Building C object CMakeFiles/cmTC_12327.dir/CheckFunctionExists.c.o
/usr/bin/cc    -std=gnu99 -pedantic -pedantic-errors -Wall -Wextra -Wshadow -Wmissing-prototypes -Wdeclaration-after-statement -Wunused -Wfloat-equal -Wpointer-arith -Wwrite-strings -Wformat-security -Wmissing-format-attribute -Wundef -Wstrict-prototypes -fPIC -fstack-protector -D_GNU_SOURCE -D_LARGEFILE64_SOURCE -DCHECK_FUNCTION_EXISTS=calloc   -o CMakeFiles/cmTC_12327.dir/CheckFunctionExists.c.o   -c /usr/share/cmake-3.5/Modules/CheckFunctionExists.c
/usr/share/cmake-3.5/Modules/CheckFunctionExists.c:6:1: warning: function declaration isn’t a prototype [-Wstrict-prototypes]
 char CHECK_FUNCTION_EXISTS();
 ^
<command-line>:0:23: warning: conflicting types for built-in function ‘calloc’
/usr/share/cmake-3.5/Modules/CheckFunctionExists.c:6:6: note: in expansion of macro ‘CHECK_FUNCTION_EXISTS’
 char CHECK_FUNCTION_EXISTS();
      ^
Linking C executable cmTC_12327
/usr/bin/cmake -E cmake_link_script CMakeFiles/cmTC_12327.dir/link.txt --verbose=1
/usr/bin/cc   -std=gnu99 -pedantic -pedantic-errors -Wall -Wextra -Wshadow -Wmissing-prototypes -Wdeclaration-after-statement -Wunused -Wfloat-equal -Wpointer-arith -Wwrite-strings -Wformat-security -Wmissing-format-attribute -Wundef -Wstrict-prototypes -fPIC -fstack-protector -D_GNU_SOURCE -D_LARGEFILE64_SOURCE -DCHECK_FUNCTION_EXISTS=calloc    CMakeFiles/cmTC_12327.dir/CheckFunctionExists.c.o  -o cmTC_12327 -rdynamic 
make[2]: Leaving directory '/home/vishal/Documents/Unit Test/Libraries/build-Debug/cmocka/CMakeFiles/CMakeTmp'
make[1]: Leaving directory '/home/vishal/Documents/Unit Test/Libraries/build-Debug/cmocka/CMakeFiles/CMakeTmp'


Determining if the function exit exists passed with the following output:
Change Dir: /home/vishal/Documents/Unit Test/Libraries/build-Debug/cmocka/CMakeFiles/CMakeTmp

Run Build Command:"/usr/bin/make" "cmTC_5c715/fast"
make[1]: Entering directory '/home/vishal/Documents/Unit Test/Libraries/build-Debug/cmocka/CMakeFiles/CMakeTmp'
/usr/bin/make -f CMakeFiles/cmTC_5c715.dir/build.make CMakeFiles/cmTC_5c715.dir/build
make[2]: Entering directory '/home/vishal/Documents/Unit Test/Libraries/build-Debug/cmocka/CMakeFiles/CMakeTmp'
Building C object CMakeFiles/cmTC_5c715.dir/CheckFunctionExists.c.o
/usr/bin/cc    -std=gnu99 -pedantic -pedantic-errors -Wall -Wextra -Wshadow -Wmissing-prototypes -Wdeclaration-after-statement -Wunused -Wfloat-equal -Wpointer-arith -Wwrite-strings -Wformat-security -Wmissing-format-attribute -Wundef -Wstrict-prototypes -fPIC -fstack-protector -D_GNU_SOURCE -D_LARGEFILE64_SOURCE -DCHECK_FUNCTION_EXISTS=exit   -o CMakeFiles/cmTC_5c715.dir/CheckFunctionExists.c.o   -c /usr/share/cmake-3.5/Modules/CheckFunctionExists.c
/usr/share/cmake-3.5/Modules/CheckFunctionExists.c:6:1: warning: function declaration isn’t a prototype [-Wstrict-prototypes]
 char CHECK_FUNCTION_EXISTS();
 ^
<command-line>:0:23: warning: conflicting types for built-in function ‘exit’
/usr/share/cmake-3.5/Modules/CheckFunctionExists.c:6:6: note: in expansion of macro ‘CHECK_FUNCTION_EXISTS’
 char CHECK_FUNCTION_EXISTS();
      ^
Linking C executable cmTC_5c715
/usr/bin/cmake -E cmake_link_script CMakeFiles/cmTC_5c715.dir/link.txt --verbose=1
/usr/bin/cc   -std=gnu99 -pedantic -pedantic-errors -Wall -Wextra -Wshadow -Wmissing-prototypes -Wdeclaration-after-statement -Wunused -Wfloat-equal -Wpointer-arith -Wwrite-strings -Wformat-security -Wmissing-format-attribute -Wundef -Wstrict-prototypes -fPIC -fstack-protector -D_GNU_SOURCE -D_LARGEFILE64_SOURCE -DCHECK_FUNCTION_EXISTS=exit    CMakeFiles/cmTC_5c715.dir/CheckFunctionExists.c.o  -o cmTC_5c715 -rdynamic 
make[2]: Leaving directory '/home/vishal/Documents/Unit Test/Libraries/build-Debug/cmocka/CMakeFiles/CMakeTmp'
make[1]: Leaving directory '/home/vishal/Documents/Unit Test/Libraries/build-Debug/cmocka/CMakeFiles/CMakeTmp'


Determining if the function fprintf exists passed with the following output:
Change Dir: /home/vishal/Documents/Unit Test/Libraries/build-Debug/cmocka/CMakeFiles/CMakeTmp

Run Build Command:"/usr/bin/make" "cmTC_4a371/fast"
make[1]: Entering directory '/home/vishal/Documents/Unit Test/Libraries/build-Debug/cmocka/CMakeFiles/CMakeTmp'
/usr/bin/make -f CMakeFiles/cmTC_4a371.dir/build.make CMakeFiles/cmTC_4a371.dir/build
make[2]: Entering directory '/home/vishal/Documents/Unit Test/Libraries/build-Debug/cmocka/CMakeFiles/CMakeTmp'
Building C object CMakeFiles/cmTC_4a371.dir/CheckFunctionExists.c.o
/usr/bin/cc    -std=gnu99 -pedantic -pedantic-errors -Wall -Wextra -Wshadow -Wmissing-prototypes -Wdeclaration-after-statement -Wunused -Wfloat-equal -Wpointer-arith -Wwrite-strings -Wformat-security -Wmissing-format-attribute -Wundef -Wstrict-prototypes -fPIC -fstack-protector -D_GNU_SOURCE -D_LARGEFILE64_SOURCE -DCHECK_FUNCTION_EXISTS=fprintf   -o CMakeFiles/cmTC_4a371.dir/CheckFunctionExists.c.o   -c /usr/share/cmake-3.5/Modules/CheckFunctionExists.c
/usr/share/cmake-3.5/Modules/CheckFunctionExists.c:6:1: warning: function declaration isn’t a prototype [-Wstrict-prototypes]
 char CHECK_FUNCTION_EXISTS();
 ^
<command-line>:0:23: warning: conflicting types for built-in function ‘fprintf’
/usr/share/cmake-3.5/Modules/CheckFunctionExists.c:6:6: note: in expansion of macro ‘CHECK_FUNCTION_EXISTS’
 char CHECK_FUNCTION_EXISTS();
      ^
Linking C executable cmTC_4a371
/usr/bin/cmake -E cmake_link_script CMakeFiles/cmTC_4a371.dir/link.txt --verbose=1
/usr/bin/cc   -std=gnu99 -pedantic -pedantic-errors -Wall -Wextra -Wshadow -Wmissing-prototypes -Wdeclaration-after-statement -Wunused -Wfloat-equal -Wpointer-arith -Wwrite-strings -Wformat-security -Wmissing-format-attribute -Wundef -Wstrict-prototypes -fPIC -fstack-protector -D_GNU_SOURCE -D_LARGEFILE64_SOURCE -DCHECK_FUNCTION_EXISTS=fprintf    CMakeFiles/cmTC_4a371.dir/CheckFunctionExists.c.o  -o cmTC_4a371 -rdynamic 
make[2]: Leaving directory '/home/vishal/Documents/Unit Test/Libraries/build-Debug/cmocka/CMakeFiles/CMakeTmp'
make[1]: Leaving directory '/home/vishal/Documents/Unit Test/Libraries/build-Debug/cmocka/CMakeFiles/CMakeTmp'


Determining if the function free exists passed with the following output:
Change Dir: /home/vishal/Documents/Unit Test/Libraries/build-Debug/cmocka/CMakeFiles/CMakeTmp

Run Build Command:"/usr/bin/make" "cmTC_31ef3/fast"
make[1]: Entering directory '/home/vishal/Documents/Unit Test/Libraries/build-Debug/cmocka/CMakeFiles/CMakeTmp'
/usr/bin/make -f CMakeFiles/cmTC_31ef3.dir/build.make CMakeFiles/cmTC_31ef3.dir/build
make[2]: Entering directory '/home/vishal/Documents/Unit Test/Libraries/build-Debug/cmocka/CMakeFiles/CMakeTmp'
Building C object CMakeFiles/cmTC_31ef3.dir/CheckFunctionExists.c.o
/usr/bin/cc    -std=gnu99 -pedantic -pedantic-errors -Wall -Wextra -Wshadow -Wmissing-prototypes -Wdeclaration-after-statement -Wunused -Wfloat-equal -Wpointer-arith -Wwrite-strings -Wformat-security -Wmissing-format-attribute -Wundef -Wstrict-prototypes -fPIC -fstack-protector -D_GNU_SOURCE -D_LARGEFILE64_SOURCE -DCHECK_FUNCTION_EXISTS=free   -o CMakeFiles/cmTC_31ef3.dir/CheckFunctionExists.c.o   -c /usr/share/cmake-3.5/Modules/CheckFunctionExists.c
/usr/share/cmake-3.5/Modules/CheckFunctionExists.c:6:1: warning: function declaration isn’t a prototype [-Wstrict-prototypes]
 char CHECK_FUNCTION_EXISTS();
 ^
<command-line>:0:23: warning: conflicting types for built-in function ‘free’
/usr/share/cmake-3.5/Modules/CheckFunctionExists.c:6:6: note: in expansion of macro ‘CHECK_FUNCTION_EXISTS’
 char CHECK_FUNCTION_EXISTS();
      ^
Linking C executable cmTC_31ef3
/usr/bin/cmake -E cmake_link_script CMakeFiles/cmTC_31ef3.dir/link.txt --verbose=1
/usr/bin/cc   -std=gnu99 -pedantic -pedantic-errors -Wall -Wextra -Wshadow -Wmissing-prototypes -Wdeclaration-after-statement -Wunused -Wfloat-equal -Wpointer-arith -Wwrite-strings -Wformat-security -Wmissing-format-attribute -Wundef -Wstrict-prototypes -fPIC -fstack-protector -D_GNU_SOURCE -D_LARGEFILE64_SOURCE -DCHECK_FUNCTION_EXISTS=free    CMakeFiles/cmTC_31ef3.dir/CheckFunctionExists.c.o  -o cmTC_31ef3 -rdynamic 
make[2]: Leaving directory '/home/vishal/Documents/Unit Test/Libraries/build-Debug/cmocka/CMakeFiles/CMakeTmp'
make[1]: Leaving directory '/home/vishal/Documents/Unit Test/Libraries/build-Debug/cmocka/CMakeFiles/CMakeTmp'


Determining if the function longjmp exists passed with the following output:
Change Dir: /home/vishal/Documents/Unit Test/Libraries/build-Debug/cmocka/CMakeFiles/CMakeTmp

Run Build Command:"/usr/bin/make" "cmTC_ad445/fast"
make[1]: Entering directory '/home/vishal/Documents/Unit Test/Libraries/build-Debug/cmocka/CMakeFiles/CMakeTmp'
/usr/bin/make -f CMakeFiles/cmTC_ad445.dir/build.make CMakeFiles/cmTC_ad445.dir/build
make[2]: Entering directory '/home/vishal/Documents/Unit Test/Libraries/build-Debug/cmocka/CMakeFiles/CMakeTmp'
Building C object CMakeFiles/cmTC_ad445.dir/CheckFunctionExists.c.o
/usr/bin/cc    -std=gnu99 -pedantic -pedantic-errors -Wall -Wextra -Wshadow -Wmissing-prototypes -Wdeclaration-after-statement -Wunused -Wfloat-equal -Wpointer-arith -Wwrite-strings -Wformat-security -Wmissing-format-attribute -Wundef -Wstrict-prototypes -fPIC -fstack-protector -D_GNU_SOURCE -D_LARGEFILE64_SOURCE -DCHECK_FUNCTION_EXISTS=longjmp   -o CMakeFiles/cmTC_ad445.dir/CheckFunctionExists.c.o   -c /usr/share/cmake-3.5/Modules/CheckFunctionExists.c
/usr/share/cmake-3.5/Modules/CheckFunctionExists.c:6:1: warning: function declaration isn’t a prototype [-Wstrict-prototypes]
 char CHECK_FUNCTION_EXISTS();
 ^
Linking C executable cmTC_ad445
/usr/bin/cmake -E cmake_link_script CMakeFiles/cmTC_ad445.dir/link.txt --verbose=1
/usr/bin/cc   -std=gnu99 -pedantic -pedantic-errors -Wall -Wextra -Wshadow -Wmissing-prototypes -Wdeclaration-after-statement -Wunused -Wfloat-equal -Wpointer-arith -Wwrite-strings -Wformat-security -Wmissing-format-attribute -Wundef -Wstrict-prototypes -fPIC -fstack-protector -D_GNU_SOURCE -D_LARGEFILE64_SOURCE -DCHECK_FUNCTION_EXISTS=longjmp    CMakeFiles/cmTC_ad445.dir/CheckFunctionExists.c.o  -o cmTC_ad445 -rdynamic 
make[2]: Leaving directory '/home/vishal/Documents/Unit Test/Libraries/build-Debug/cmocka/CMakeFiles/CMakeTmp'
make[1]: Leaving directory '/home/vishal/Documents/Unit Test/Libraries/build-Debug/cmocka/CMakeFiles/CMakeTmp'


Determining if the function siglongjmp exists passed with the following output:
Change Dir: /home/vishal/Documents/Unit Test/Libraries/build-Debug/cmocka/CMakeFiles/CMakeTmp

Run Build Command:"/usr/bin/make" "cmTC_9c7bc/fast"
make[1]: Entering directory '/home/vishal/Documents/Unit Test/Libraries/build-Debug/cmocka/CMakeFiles/CMakeTmp'
/usr/bin/make -f CMakeFiles/cmTC_9c7bc.dir/build.make CMakeFiles/cmTC_9c7bc.dir/build
make[2]: Entering directory '/home/vishal/Documents/Unit Test/Libraries/build-Debug/cmocka/CMakeFiles/CMakeTmp'
Building C object CMakeFiles/cmTC_9c7bc.dir/CheckFunctionExists.c.o
/usr/bin/cc    -std=gnu99 -pedantic -pedantic-errors -Wall -Wextra -Wshadow -Wmissing-prototypes -Wdeclaration-after-statement -Wunused -Wfloat-equal -Wpointer-arith -Wwrite-strings -Wformat-security -Wmissing-format-attribute -Wundef -Wstrict-prototypes -fPIC -fstack-protector -D_GNU_SOURCE -D_LARGEFILE64_SOURCE -DCHECK_FUNCTION_EXISTS=siglongjmp   -o CMakeFiles/cmTC_9c7bc.dir/CheckFunctionExists.c.o   -c /usr/share/cmake-3.5/Modules/CheckFunctionExists.c
/usr/share/cmake-3.5/Modules/CheckFunctionExists.c:6:1: warning: function declaration isn’t a prototype [-Wstrict-prototypes]
 char CHECK_FUNCTION_EXISTS();
 ^
Linking C executable cmTC_9c7bc
/usr/bin/cmake -E cmake_link_script CMakeFiles/cmTC_9c7bc.dir/link.txt --verbose=1
/usr/bin/cc   -std=gnu99 -pedantic -pedantic-errors -Wall -Wextra -Wshadow -Wmissing-prototypes -Wdeclaration-after-statement -Wunused -Wfloat-equal -Wpointer-arith -Wwrite-strings -Wformat-security -Wmissing-format-attribute -Wundef -Wstrict-prototypes -fPIC -fstack-protector -D_GNU_SOURCE -D_LARGEFILE64_SOURCE -DCHECK_FUNCTION_EXISTS=siglongjmp    CMakeFiles/cmTC_9c7bc.dir/CheckFunctionExists.c.o  -o cmTC_9c7bc -rdynamic 
make[2]: Leaving directory '/home/vishal/Documents/Unit Test/Libraries/build-Debug/cmocka/CMakeFiles/CMakeTmp'
make[1]: Leaving directory '/home/vishal/Documents/Unit Test/Libraries/build-Debug/cmocka/CMakeFiles/CMakeTmp'


Determining if the function malloc exists passed with the following output:
Change Dir: /home/vishal/Documents/Unit Test/Libraries/build-Debug/cmocka/CMakeFiles/CMakeTmp

Run Build Command:"/usr/bin/make" "cmTC_260a2/fast"
make[1]: Entering directory '/home/vishal/Documents/Unit Test/Libraries/build-Debug/cmocka/CMakeFiles/CMakeTmp'
/usr/bin/make -f CMakeFiles/cmTC_260a2.dir/build.make CMakeFiles/cmTC_260a2.dir/build
make[2]: Entering directory '/home/vishal/Documents/Unit Test/Libraries/build-Debug/cmocka/CMakeFiles/CMakeTmp'
Building C object CMakeFiles/cmTC_260a2.dir/CheckFunctionExists.c.o
/usr/bin/cc    -std=gnu99 -pedantic -pedantic-errors -Wall -Wextra -Wshadow -Wmissing-prototypes -Wdeclaration-after-statement -Wunused -Wfloat-equal -Wpointer-arith -Wwrite-strings -Wformat-security -Wmissing-format-attribute -Wundef -Wstrict-prototypes -fPIC -fstack-protector -D_GNU_SOURCE -D_LARGEFILE64_SOURCE -DCHECK_FUNCTION_EXISTS=malloc   -o CMakeFiles/cmTC_260a2.dir/CheckFunctionExists.c.o   -c /usr/share/cmake-3.5/Modules/CheckFunctionExists.c
/usr/share/cmake-3.5/Modules/CheckFunctionExists.c:6:1: warning: function declaration isn’t a prototype [-Wstrict-prototypes]
 char CHECK_FUNCTION_EXISTS();
 ^
<command-line>:0:23: warning: conflicting types for built-in function ‘malloc’
/usr/share/cmake-3.5/Modules/CheckFunctionExists.c:6:6: note: in expansion of macro ‘CHECK_FUNCTION_EXISTS’
 char CHECK_FUNCTION_EXISTS();
      ^
Linking C executable cmTC_260a2
/usr/bin/cmake -E cmake_link_script CMakeFiles/cmTC_260a2.dir/link.txt --verbose=1
/usr/bin/cc   -std=gnu99 -pedantic -pedantic-errors -Wall -Wextra -Wshadow -Wmissing-prototypes -Wdeclaration-after-statement -Wunused -Wfloat-equal -Wpointer-arith -Wwrite-strings -Wformat-security -Wmissing-format-attribute -Wundef -Wstrict-prototypes -fPIC -fstack-protector -D_GNU_SOURCE -D_LARGEFILE64_SOURCE -DCHECK_FUNCTION_EXISTS=malloc    CMakeFiles/cmTC_260a2.dir/CheckFunctionExists.c.o  -o cmTC_260a2 -rdynamic 
make[2]: Leaving directory '/home/vishal/Documents/Unit Test/Libraries/build-Debug/cmocka/CMakeFiles/CMakeTmp'
make[1]: Leaving directory '/home/vishal/Documents/Unit Test/Libraries/build-Debug/cmocka/CMakeFiles/CMakeTmp'


Determining if the function memcpy exists passed with the following output:
Change Dir: /home/vishal/Documents/Unit Test/Libraries/build-Debug/cmocka/CMakeFiles/CMakeTmp

Run Build Command:"/usr/bin/make" "cmTC_49da2/fast"
make[1]: Entering directory '/home/vishal/Documents/Unit Test/Libraries/build-Debug/cmocka/CMakeFiles/CMakeTmp'
/usr/bin/make -f CMakeFiles/cmTC_49da2.dir/build.make CMakeFiles/cmTC_49da2.dir/build
make[2]: Entering directory '/home/vishal/Documents/Unit Test/Libraries/build-Debug/cmocka/CMakeFiles/CMakeTmp'
Building C object CMakeFiles/cmTC_49da2.dir/CheckFunctionExists.c.o
/usr/bin/cc    -std=gnu99 -pedantic -pedantic-errors -Wall -Wextra -Wshadow -Wmissing-prototypes -Wdeclaration-after-statement -Wunused -Wfloat-equal -Wpointer-arith -Wwrite-strings -Wformat-security -Wmissing-format-attribute -Wundef -Wstrict-prototypes -fPIC -fstack-protector -D_GNU_SOURCE -D_LARGEFILE64_SOURCE -DCHECK_FUNCTION_EXISTS=memcpy   -o CMakeFiles/cmTC_49da2.dir/CheckFunctionExists.c.o   -c /usr/share/cmake-3.5/Modules/CheckFunctionExists.c
/usr/share/cmake-3.5/Modules/CheckFunctionExists.c:6:1: warning: function declaration isn’t a prototype [-Wstrict-prototypes]
 char CHECK_FUNCTION_EXISTS();
 ^
<command-line>:0:23: warning: conflicting types for built-in function ‘memcpy’
/usr/share/cmake-3.5/Modules/CheckFunctionExists.c:6:6: note: in expansion of macro ‘CHECK_FUNCTION_EXISTS’
 char CHECK_FUNCTION_EXISTS();
      ^
Linking C executable cmTC_49da2
/usr/bin/cmake -E cmake_link_script CMakeFiles/cmTC_49da2.dir/link.txt --verbose=1
/usr/bin/cc   -std=gnu99 -pedantic -pedantic-errors -Wall -Wextra -Wshadow -Wmissing-prototypes -Wdeclaration-after-statement -Wunused -Wfloat-equal -Wpointer-arith -Wwrite-strings -Wformat-security -Wmissing-format-attribute -Wundef -Wstrict-prototypes -fPIC -fstack-protector -D_GNU_SOURCE -D_LARGEFILE64_SOURCE -DCHECK_FUNCTION_EXISTS=memcpy    CMakeFiles/cmTC_49da2.dir/CheckFunctionExists.c.o  -o cmTC_49da2 -rdynamic 
make[2]: Leaving directory '/home/vishal/Documents/Unit Test/Libraries/build-Debug/cmocka/CMakeFiles/CMakeTmp'
make[1]: Leaving directory '/home/vishal/Documents/Unit Test/Libraries/build-Debug/cmocka/CMakeFiles/CMakeTmp'


Determining if the function memset exists passed with the following output:
Change Dir: /home/vishal/Documents/Unit Test/Libraries/build-Debug/cmocka/CMakeFiles/CMakeTmp

Run Build Command:"/usr/bin/make" "cmTC_2208c/fast"
make[1]: Entering directory '/home/vishal/Documents/Unit Test/Libraries/build-Debug/cmocka/CMakeFiles/CMakeTmp'
/usr/bin/make -f CMakeFiles/cmTC_2208c.dir/build.make CMakeFiles/cmTC_2208c.dir/build
make[2]: Entering directory '/home/vishal/Documents/Unit Test/Libraries/build-Debug/cmocka/CMakeFiles/CMakeTmp'
Building C object CMakeFiles/cmTC_2208c.dir/CheckFunctionExists.c.o
/usr/bin/cc    -std=gnu99 -pedantic -pedantic-errors -Wall -Wextra -Wshadow -Wmissing-prototypes -Wdeclaration-after-statement -Wunused -Wfloat-equal -Wpointer-arith -Wwrite-strings -Wformat-security -Wmissing-format-attribute -Wundef -Wstrict-prototypes -fPIC -fstack-protector -D_GNU_SOURCE -D_LARGEFILE64_SOURCE -DCHECK_FUNCTION_EXISTS=memset   -o CMakeFiles/cmTC_2208c.dir/CheckFunctionExists.c.o   -c /usr/share/cmake-3.5/Modules/CheckFunctionExists.c
/usr/share/cmake-3.5/Modules/CheckFunctionExists.c:6:1: warning: function declaration isn’t a prototype [-Wstrict-prototypes]
 char CHECK_FUNCTION_EXISTS();
 ^
<command-line>:0:23: warning: conflicting types for built-in function ‘memset’
/usr/share/cmake-3.5/Modules/CheckFunctionExists.c:6:6: note: in expansion of macro ‘CHECK_FUNCTION_EXISTS’
 char CHECK_FUNCTION_EXISTS();
      ^
Linking C executable cmTC_2208c
/usr/bin/cmake -E cmake_link_script CMakeFiles/cmTC_2208c.dir/link.txt --verbose=1
/usr/bin/cc   -std=gnu99 -pedantic -pedantic-errors -Wall -Wextra -Wshadow -Wmissing-prototypes -Wdeclaration-after-statement -Wunused -Wfloat-equal -Wpointer-arith -Wwrite-strings -Wformat-security -Wmissing-format-attribute -Wundef -Wstrict-prototypes -fPIC -fstack-protector -D_GNU_SOURCE -D_LARGEFILE64_SOURCE -DCHECK_FUNCTION_EXISTS=memset    CMakeFiles/cmTC_2208c.dir/CheckFunctionExists.c.o  -o cmTC_2208c -rdynamic 
make[2]: Leaving directory '/home/vishal/Documents/Unit Test/Libraries/build-Debug/cmocka/CMakeFiles/CMakeTmp'
make[1]: Leaving directory '/home/vishal/Documents/Unit Test/Libraries/build-Debug/cmocka/CMakeFiles/CMakeTmp'


Determining if the function printf exists passed with the following output:
Change Dir: /home/vishal/Documents/Unit Test/Libraries/build-Debug/cmocka/CMakeFiles/CMakeTmp

Run Build Command:"/usr/bin/make" "cmTC_5c97d/fast"
make[1]: Entering directory '/home/vishal/Documents/Unit Test/Libraries/build-Debug/cmocka/CMakeFiles/CMakeTmp'
/usr/bin/make -f CMakeFiles/cmTC_5c97d.dir/build.make CMakeFiles/cmTC_5c97d.dir/build
make[2]: Entering directory '/home/vishal/Documents/Unit Test/Libraries/build-Debug/cmocka/CMakeFiles/CMakeTmp'
Building C object CMakeFiles/cmTC_5c97d.dir/CheckFunctionExists.c.o
/usr/bin/cc    -std=gnu99 -pedantic -pedantic-errors -Wall -Wextra -Wshadow -Wmissing-prototypes -Wdeclaration-after-statement -Wunused -Wfloat-equal -Wpointer-arith -Wwrite-strings -Wformat-security -Wmissing-format-attribute -Wundef -Wstrict-prototypes -fPIC -fstack-protector -D_GNU_SOURCE -D_LARGEFILE64_SOURCE -DCHECK_FUNCTION_EXISTS=printf   -o CMakeFiles/cmTC_5c97d.dir/CheckFunctionExists.c.o   -c /usr/share/cmake-3.5/Modules/CheckFunctionExists.c
/usr/share/cmake-3.5/Modules/CheckFunctionExists.c:6:1: warning: function declaration isn’t a prototype [-Wstrict-prototypes]
 char CHECK_FUNCTION_EXISTS();
 ^
<command-line>:0:23: warning: conflicting types for built-in function ‘printf’
/usr/share/cmake-3.5/Modules/CheckFunctionExists.c:6:6: note: in expansion of macro ‘CHECK_FUNCTION_EXISTS’
 char CHECK_FUNCTION_EXISTS();
      ^
Linking C executable cmTC_5c97d
/usr/bin/cmake -E cmake_link_script CMakeFiles/cmTC_5c97d.dir/link.txt --verbose=1
/usr/bin/cc   -std=gnu99 -pedantic -pedantic-errors -Wall -Wextra -Wshadow -Wmissing-prototypes -Wdeclaration-after-statement -Wunused -Wfloat-equal -Wpointer-arith -Wwrite-strings -Wformat-security -Wmissing-format-attribute -Wundef -Wstrict-prototypes -fPIC -fstack-protector -D_GNU_SOURCE -D_LARGEFILE64_SOURCE -DCHECK_FUNCTION_EXISTS=printf    CMakeFiles/cmTC_5c97d.dir/CheckFunctionExists.c.o  -o cmTC_5c97d -rdynamic 
make[2]: Leaving directory '/home/vishal/Documents/Unit Test/Libraries/build-Debug/cmocka/CMakeFiles/CMakeTmp'
make[1]: Leaving directory '/home/vishal/Documents/Unit Test/Libraries/build-Debug/cmocka/CMakeFiles/CMakeTmp'


Determining if the function setjmp exists passed with the following output:
Change Dir: /home/vishal/Documents/Unit Test/Libraries/build-Debug/cmocka/CMakeFiles/CMakeTmp

Run Build Command:"/usr/bin/make" "cmTC_27ba1/fast"
make[1]: Entering directory '/home/vishal/Documents/Unit Test/Libraries/build-Debug/cmocka/CMakeFiles/CMakeTmp'
/usr/bin/make -f CMakeFiles/cmTC_27ba1.dir/build.make CMakeFiles/cmTC_27ba1.dir/build
make[2]: Entering directory '/home/vishal/Documents/Unit Test/Libraries/build-Debug/cmocka/CMakeFiles/CMakeTmp'
Building C object CMakeFiles/cmTC_27ba1.dir/CheckFunctionExists.c.o
/usr/bin/cc    -std=gnu99 -pedantic -pedantic-errors -Wall -Wextra -Wshadow -Wmissing-prototypes -Wdeclaration-after-statement -Wunused -Wfloat-equal -Wpointer-arith -Wwrite-strings -Wformat-security -Wmissing-format-attribute -Wundef -Wstrict-prototypes -fPIC -fstack-protector -D_GNU_SOURCE -D_LARGEFILE64_SOURCE -DCHECK_FUNCTION_EXISTS=setjmp   -o CMakeFiles/cmTC_27ba1.dir/CheckFunctionExists.c.o   -c /usr/share/cmake-3.5/Modules/CheckFunctionExists.c
/usr/share/cmake-3.5/Modules/CheckFunctionExists.c:6:1: warning: function declaration isn’t a prototype [-Wstrict-prototypes]
 char CHECK_FUNCTION_EXISTS();
 ^
Linking C executable cmTC_27ba1
/usr/bin/cmake -E cmake_link_script CMakeFiles/cmTC_27ba1.dir/link.txt --verbose=1
/usr/bin/cc   -std=gnu99 -pedantic -pedantic-errors -Wall -Wextra -Wshadow -Wmissing-prototypes -Wdeclaration-after-statement -Wunused -Wfloat-equal -Wpointer-arith -Wwrite-strings -Wformat-security -Wmissing-format-attribute -Wundef -Wstrict-prototypes -fPIC -fstack-protector -D_GNU_SOURCE -D_LARGEFILE64_SOURCE -DCHECK_FUNCTION_EXISTS=setjmp    CMakeFiles/cmTC_27ba1.dir/CheckFunctionExists.c.o  -o cmTC_27ba1 -rdynamic 
make[2]: Leaving directory '/home/vishal/Documents/Unit Test/Libraries/build-Debug/cmocka/CMakeFiles/CMakeTmp'
make[1]: Leaving directory '/home/vishal/Documents/Unit Test/Libraries/build-Debug/cmocka/CMakeFiles/CMakeTmp'


Determining if the function signal exists passed with the following output:
Change Dir: /home/vishal/Documents/Unit Test/Libraries/build-Debug/cmocka/CMakeFiles/CMakeTmp

Run Build Command:"/usr/bin/make" "cmTC_f1d71/fast"
make[1]: Entering directory '/home/vishal/Documents/Unit Test/Libraries/build-Debug/cmocka/CMakeFiles/CMakeTmp'
/usr/bin/make -f CMakeFiles/cmTC_f1d71.dir/build.make CMakeFiles/cmTC_f1d71.dir/build
make[2]: Entering directory '/home/vishal/Documents/Unit Test/Libraries/build-Debug/cmocka/CMakeFiles/CMakeTmp'
Building C object CMakeFiles/cmTC_f1d71.dir/CheckFunctionExists.c.o
/usr/bin/cc    -std=gnu99 -pedantic -pedantic-errors -Wall -Wextra -Wshadow -Wmissing-prototypes -Wdeclaration-after-statement -Wunused -Wfloat-equal -Wpointer-arith -Wwrite-strings -Wformat-security -Wmissing-format-attribute -Wundef -Wstrict-prototypes -fPIC -fstack-protector -D_GNU_SOURCE -D_LARGEFILE64_SOURCE -DCHECK_FUNCTION_EXISTS=signal   -o CMakeFiles/cmTC_f1d71.dir/CheckFunctionExists.c.o   -c /usr/share/cmake-3.5/Modules/CheckFunctionExists.c
/usr/share/cmake-3.5/Modules/CheckFunctionExists.c:6:1: warning: function declaration isn’t a prototype [-Wstrict-prototypes]
 char CHECK_FUNCTION_EXISTS();
 ^
Linking C executable cmTC_f1d71
/usr/bin/cmake -E cmake_link_script CMakeFiles/cmTC_f1d71.dir/link.txt --verbose=1
/usr/bin/cc   -std=gnu99 -pedantic -pedantic-errors -Wall -Wextra -Wshadow -Wmissing-prototypes -Wdeclaration-after-statement -Wunused -Wfloat-equal -Wpointer-arith -Wwrite-strings -Wformat-security -Wmissing-format-attribute -Wundef -Wstrict-prototypes -fPIC -fstack-protector -D_GNU_SOURCE -D_LARGEFILE64_SOURCE -DCHECK_FUNCTION_EXISTS=signal    CMakeFiles/cmTC_f1d71.dir/CheckFunctionExists.c.o  -o cmTC_f1d71 -rdynamic 
make[2]: Leaving directory '/home/vishal/Documents/Unit Test/Libraries/build-Debug/cmocka/CMakeFiles/CMakeTmp'
make[1]: Leaving directory '/home/vishal/Documents/Unit Test/Libraries/build-Debug/cmocka/CMakeFiles/CMakeTmp'


Determining if the function strsignal exists passed with the following output:
Change Dir: /home/vishal/Documents/Unit Test/Libraries/build-Debug/cmocka/CMakeFiles/CMakeTmp

Run Build Command:"/usr/bin/make" "cmTC_1910a/fast"
make[1]: Entering directory '/home/vishal/Documents/Unit Test/Libraries/build-Debug/cmocka/CMakeFiles/CMakeTmp'
/usr/bin/make -f CMakeFiles/cmTC_1910a.dir/build.make CMakeFiles/cmTC_1910a.dir/build
make[2]: Entering directory '/home/vishal/Documents/Unit Test/Libraries/build-Debug/cmocka/CMakeFiles/CMakeTmp'
Building C object CMakeFiles/cmTC_1910a.dir/CheckFunctionExists.c.o
/usr/bin/cc    -std=gnu99 -pedantic -pedantic-errors -Wall -Wextra -Wshadow -Wmissing-prototypes -Wdeclaration-after-statement -Wunused -Wfloat-equal -Wpointer-arith -Wwrite-strings -Wformat-security -Wmissing-format-attribute -Wundef -Wstrict-prototypes -fPIC -fstack-protector -D_GNU_SOURCE -D_LARGEFILE64_SOURCE -DCHECK_FUNCTION_EXISTS=strsignal   -o CMakeFiles/cmTC_1910a.dir/CheckFunctionExists.c.o   -c /usr/share/cmake-3.5/Modules/CheckFunctionExists.c
/usr/share/cmake-3.5/Modules/CheckFunctionExists.c:6:1: warning: function declaration isn’t a prototype [-Wstrict-prototypes]
 char CHECK_FUNCTION_EXISTS();
 ^
Linking C executable cmTC_1910a
/usr/bin/cmake -E cmake_link_script CMakeFiles/cmTC_1910a.dir/link.txt --verbose=1
/usr/bin/cc   -std=gnu99 -pedantic -pedantic-errors -Wall -Wextra -Wshadow -Wmissing-prototypes -Wdeclaration-after-statement -Wunused -Wfloat-equal -Wpointer-arith -Wwrite-strings -Wformat-security -Wmissing-format-attribute -Wundef -Wstrict-prototypes -fPIC -fstack-protector -D_GNU_SOURCE -D_LARGEFILE64_SOURCE -DCHECK_FUNCTION_EXISTS=strsignal    CMakeFiles/cmTC_1910a.dir/CheckFunctionExists.c.o  -o cmTC_1910a -rdynamic 
make[2]: Leaving directory '/home/vishal/Documents/Unit Test/Libraries/build-Debug/cmocka/CMakeFiles/CMakeTmp'
make[1]: Leaving directory '/home/vishal/Documents/Unit Test/Libraries/build-Debug/cmocka/CMakeFiles/CMakeTmp'


Determining if the function strcmp exists passed with the following output:
Change Dir: /home/vishal/Documents/Unit Test/Libraries/build-Debug/cmocka/CMakeFiles/CMakeTmp

Run Build Command:"/usr/bin/make" "cmTC_310ef/fast"
make[1]: Entering directory '/home/vishal/Documents/Unit Test/Libraries/build-Debug/cmocka/CMakeFiles/CMakeTmp'
/usr/bin/make -f CMakeFiles/cmTC_310ef.dir/build.make CMakeFiles/cmTC_310ef.dir/build
make[2]: Entering directory '/home/vishal/Documents/Unit Test/Libraries/build-Debug/cmocka/CMakeFiles/CMakeTmp'
Building C object CMakeFiles/cmTC_310ef.dir/CheckFunctionExists.c.o
/usr/bin/cc    -std=gnu99 -pedantic -pedantic-errors -Wall -Wextra -Wshadow -Wmissing-prototypes -Wdeclaration-after-statement -Wunused -Wfloat-equal -Wpointer-arith -Wwrite-strings -Wformat-security -Wmissing-format-attribute -Wundef -Wstrict-prototypes -fPIC -fstack-protector -D_GNU_SOURCE -D_LARGEFILE64_SOURCE -DCHECK_FUNCTION_EXISTS=strcmp   -o CMakeFiles/cmTC_310ef.dir/CheckFunctionExists.c.o   -c /usr/share/cmake-3.5/Modules/CheckFunctionExists.c
/usr/share/cmake-3.5/Modules/CheckFunctionExists.c:6:1: warning: function declaration isn’t a prototype [-Wstrict-prototypes]
 char CHECK_FUNCTION_EXISTS();
 ^
<command-line>:0:23: warning: conflicting types for built-in function ‘strcmp’
/usr/share/cmake-3.5/Modules/CheckFunctionExists.c:6:6: note: in expansion of macro ‘CHECK_FUNCTION_EXISTS’
 char CHECK_FUNCTION_EXISTS();
      ^
Linking C executable cmTC_310ef
/usr/bin/cmake -E cmake_link_script CMakeFiles/cmTC_310ef.dir/link.txt --verbose=1
/usr/bin/cc   -std=gnu99 -pedantic -pedantic-errors -Wall -Wextra -Wshadow -Wmissing-prototypes -Wdeclaration-after-statement -Wunused -Wfloat-equal -Wpointer-arith -Wwrite-strings -Wformat-security -Wmissing-format-attribute -Wundef -Wstrict-prototypes -fPIC -fstack-protector -D_GNU_SOURCE -D_LARGEFILE64_SOURCE -DCHECK_FUNCTION_EXISTS=strcmp    CMakeFiles/cmTC_310ef.dir/CheckFunctionExists.c.o  -o cmTC_310ef -rdynamic 
make[2]: Leaving directory '/home/vishal/Documents/Unit Test/Libraries/build-Debug/cmocka/CMakeFiles/CMakeTmp'
make[1]: Leaving directory '/home/vishal/Documents/Unit Test/Libraries/build-Debug/cmocka/CMakeFiles/CMakeTmp'


Determining if the function clock_gettime exists passed with the following output:
Change Dir: /home/vishal/Documents/Unit Test/Libraries/build-Debug/cmocka/CMakeFiles/CMakeTmp

Run Build Command:"/usr/bin/make" "cmTC_72ce6/fast"
make[1]: Entering directory '/home/vishal/Documents/Unit Test/Libraries/build-Debug/cmocka/CMakeFiles/CMakeTmp'
/usr/bin/make -f CMakeFiles/cmTC_72ce6.dir/build.make CMakeFiles/cmTC_72ce6.dir/build
make[2]: Entering directory '/home/vishal/Documents/Unit Test/Libraries/build-Debug/cmocka/CMakeFiles/CMakeTmp'
Building C object CMakeFiles/cmTC_72ce6.dir/CheckFunctionExists.c.o
/usr/bin/cc    -std=gnu99 -pedantic -pedantic-errors -Wall -Wextra -Wshadow -Wmissing-prototypes -Wdeclaration-after-statement -Wunused -Wfloat-equal -Wpointer-arith -Wwrite-strings -Wformat-security -Wmissing-format-attribute -Wundef -Wstrict-prototypes -fPIC -fstack-protector -D_GNU_SOURCE -D_LARGEFILE64_SOURCE -DCHECK_FUNCTION_EXISTS=clock_gettime   -o CMakeFiles/cmTC_72ce6.dir/CheckFunctionExists.c.o   -c /usr/share/cmake-3.5/Modules/CheckFunctionExists.c
/usr/share/cmake-3.5/Modules/CheckFunctionExists.c:6:1: warning: function declaration isn’t a prototype [-Wstrict-prototypes]
 char CHECK_FUNCTION_EXISTS();
 ^
Linking C executable cmTC_72ce6
/usr/bin/cmake -E cmake_link_script CMakeFiles/cmTC_72ce6.dir/link.txt --verbose=1
/usr/bin/cc   -std=gnu99 -pedantic -pedantic-errors -Wall -Wextra -Wshadow -Wmissing-prototypes -Wdeclaration-after-statement -Wunused -Wfloat-equal -Wpointer-arith -Wwrite-strings -Wformat-security -Wmissing-format-attribute -Wundef -Wstrict-prototypes -fPIC -fstack-protector -D_GNU_SOURCE -D_LARGEFILE64_SOURCE -DCHECK_FUNCTION_EXISTS=clock_gettime    CMakeFiles/cmTC_72ce6.dir/CheckFunctionExists.c.o  -o cmTC_72ce6 -rdynamic 
make[2]: Leaving directory '/home/vishal/Documents/Unit Test/Libraries/build-Debug/cmocka/CMakeFiles/CMakeTmp'
make[1]: Leaving directory '/home/vishal/Documents/Unit Test/Libraries/build-Debug/cmocka/CMakeFiles/CMakeTmp'


Determining if the function sprintf exists passed with the following output:
Change Dir: /home/vishal/Documents/Unit Test/Libraries/build-Debug/cmocka/CMakeFiles/CMakeTmp

Run Build Command:"/usr/bin/make" "cmTC_cf71a/fast"
make[1]: Entering directory '/home/vishal/Documents/Unit Test/Libraries/build-Debug/cmocka/CMakeFiles/CMakeTmp'
/usr/bin/make -f CMakeFiles/cmTC_cf71a.dir/build.make CMakeFiles/cmTC_cf71a.dir/build
make[2]: Entering directory '/home/vishal/Documents/Unit Test/Libraries/build-Debug/cmocka/CMakeFiles/CMakeTmp'
Building C object CMakeFiles/cmTC_cf71a.dir/CheckFunctionExists.c.o
/usr/bin/cc    -std=gnu99 -pedantic -pedantic-errors -Wall -Wextra -Wshadow -Wmissing-prototypes -Wdeclaration-after-statement -Wunused -Wfloat-equal -Wpointer-arith -Wwrite-strings -Wformat-security -Wmissing-format-attribute -Wundef -Wstrict-prototypes -fPIC -fstack-protector -D_GNU_SOURCE -D_LARGEFILE64_SOURCE -DCHECK_FUNCTION_EXISTS=sprintf   -o CMakeFiles/cmTC_cf71a.dir/CheckFunctionExists.c.o   -c /usr/share/cmake-3.5/Modules/CheckFunctionExists.c
/usr/share/cmake-3.5/Modules/CheckFunctionExists.c:6:1: warning: function declaration isn’t a prototype [-Wstrict-prototypes]
 char CHECK_FUNCTION_EXISTS();
 ^
<command-line>:0:23: warning: conflicting types for built-in function ‘sprintf’
/usr/share/cmake-3.5/Modules/CheckFunctionExists.c:6:6: note: in expansion of macro ‘CHECK_FUNCTION_EXISTS’
 char CHECK_FUNCTION_EXISTS();
      ^
Linking C executable cmTC_cf71a
/usr/bin/cmake -E cmake_link_script CMakeFiles/cmTC_cf71a.dir/link.txt --verbose=1
/usr/bin/cc   -std=gnu99 -pedantic -pedantic-errors -Wall -Wextra -Wshadow -Wmissing-prototypes -Wdeclaration-after-statement -Wunused -Wfloat-equal -Wpointer-arith -Wwrite-strings -Wformat-security -Wmissing-format-attribute -Wundef -Wstrict-prototypes -fPIC -fstack-protector -D_GNU_SOURCE -D_LARGEFILE64_SOURCE -DCHECK_FUNCTION_EXISTS=sprintf    CMakeFiles/cmTC_cf71a.dir/CheckFunctionExists.c.o  -o cmTC_cf71a -rdynamic 
make[2]: Leaving directory '/home/vishal/Documents/Unit Test/Libraries/build-Debug/cmocka/CMakeFiles/CMakeTmp'
make[1]: Leaving directory '/home/vishal/Documents/Unit Test/Libraries/build-Debug/cmocka/CMakeFiles/CMakeTmp'


Determining if the function vsnprintf exists passed with the following output:
Change Dir: /home/vishal/Documents/Unit Test/Libraries/build-Debug/cmocka/CMakeFiles/CMakeTmp

Run Build Command:"/usr/bin/make" "cmTC_bdd78/fast"
make[1]: Entering directory '/home/vishal/Documents/Unit Test/Libraries/build-Debug/cmocka/CMakeFiles/CMakeTmp'
/usr/bin/make -f CMakeFiles/cmTC_bdd78.dir/build.make CMakeFiles/cmTC_bdd78.dir/build
make[2]: Entering directory '/home/vishal/Documents/Unit Test/Libraries/build-Debug/cmocka/CMakeFiles/CMakeTmp'
Building C object CMakeFiles/cmTC_bdd78.dir/CheckFunctionExists.c.o
/usr/bin/cc    -std=gnu99 -pedantic -pedantic-errors -Wall -Wextra -Wshadow -Wmissing-prototypes -Wdeclaration-after-statement -Wunused -Wfloat-equal -Wpointer-arith -Wwrite-strings -Wformat-security -Wmissing-format-attribute -Wundef -Wstrict-prototypes -fPIC -fstack-protector -D_GNU_SOURCE -D_LARGEFILE64_SOURCE -DCHECK_FUNCTION_EXISTS=vsnprintf   -o CMakeFiles/cmTC_bdd78.dir/CheckFunctionExists.c.o   -c /usr/share/cmake-3.5/Modules/CheckFunctionExists.c
/usr/share/cmake-3.5/Modules/CheckFunctionExists.c:6:1: warning: function declaration isn’t a prototype [-Wstrict-prototypes]
 char CHECK_FUNCTION_EXISTS();
 ^
<command-line>:0:23: warning: conflicting types for built-in function ‘vsnprintf’
/usr/share/cmake-3.5/Modules/CheckFunctionExists.c:6:6: note: in expansion of macro ‘CHECK_FUNCTION_EXISTS’
 char CHECK_FUNCTION_EXISTS();
      ^
Linking C executable cmTC_bdd78
/usr/bin/cmake -E cmake_link_script CMakeFiles/cmTC_bdd78.dir/link.txt --verbose=1
/usr/bin/cc   -std=gnu99 -pedantic -pedantic-errors -Wall -Wextra -Wshadow -Wmissing-prototypes -Wdeclaration-after-statement -Wunused -Wfloat-equal -Wpointer-arith -Wwrite-strings -Wformat-security -Wmissing-format-attribute -Wundef -Wstrict-prototypes -fPIC -fstack-protector -D_GNU_SOURCE -D_LARGEFILE64_SOURCE -DCHECK_FUNCTION_EXISTS=vsnprintf    CMakeFiles/cmTC_bdd78.dir/CheckFunctionExists.c.o  -o cmTC_bdd78 -rdynamic 
make[2]: Leaving directory '/home/vishal/Documents/Unit Test/Libraries/build-Debug/cmocka/CMakeFiles/CMakeTmp'
make[1]: Leaving directory '/home/vishal/Documents/Unit Test/Libraries/build-Debug/cmocka/CMakeFiles/CMakeTmp'


Performing C SOURCE FILE Test HAVE_GCC_THREAD_LOCAL_STORAGE succeeded with the following output:
Change Dir: /home/vishal/Documents/Unit Test/Libraries/build-Debug/cmocka/CMakeFiles/CMakeTmp

Run Build Command:"/usr/bin/make" "cmTC_6efa0/fast"
make[1]: Entering directory '/home/vishal/Documents/Unit Test/Libraries/build-Debug/cmocka/CMakeFiles/CMakeTmp'
/usr/bin/make -f CMakeFiles/cmTC_6efa0.dir/build.make CMakeFiles/cmTC_6efa0.dir/build
make[2]: Entering directory '/home/vishal/Documents/Unit Test/Libraries/build-Debug/cmocka/CMakeFiles/CMakeTmp'
Building C object CMakeFiles/cmTC_6efa0.dir/src.c.o
/usr/bin/cc    -std=gnu99 -pedantic -pedantic-errors -Wall -Wextra -Wshadow -Wmissing-prototypes -Wdeclaration-after-statement -Wunused -Wfloat-equal -Wpointer-arith -Wwrite-strings -Wformat-security -Wmissing-format-attribute -Wundef -Wstrict-prototypes -fPIC -fstack-protector -D_GNU_SOURCE -D_LARGEFILE64_SOURCE -DHAVE_GCC_THREAD_LOCAL_STORAGE   -o CMakeFiles/cmTC_6efa0.dir/src.c.o   -c "/home/vishal/Documents/Unit Test/Libraries/build-Debug/cmocka/CMakeFiles/CMakeTmp/src.c"
Linking C executable cmTC_6efa0
/usr/bin/cmake -E cmake_link_script CMakeFiles/cmTC_6efa0.dir/link.txt --verbose=1
/usr/bin/cc   -std=gnu99 -pedantic -pedantic-errors -Wall -Wextra -Wshadow -Wmissing-prototypes -Wdeclaration-after-statement -Wunused -Wfloat-equal -Wpointer-arith -Wwrite-strings -Wformat-security -Wmissing-format-attribute -Wundef -Wstrict-prototypes -fPIC -fstack-protector -D_GNU_SOURCE -D_LARGEFILE64_SOURCE -DHAVE_GCC_THREAD_LOCAL_STORAGE    CMakeFiles/cmTC_6efa0.dir/src.c.o  -o cmTC_6efa0 -rdynamic 
make[2]: Leaving directory '/home/vishal/Documents/Unit Test/Libraries/build-Debug/cmocka/CMakeFiles/CMakeTmp'
make[1]: Leaving directory '/home/vishal/Documents/Unit Test/Libraries/build-Debug/cmocka/CMakeFiles/CMakeTmp'

Source file was:

__thread int tls;

int main(void) {
    return 0;
}
Performing C SOURCE FILE Test HAVE_CLOCK_GETTIME_REALTIME succeeded with the following output:
Change Dir: /home/vishal/Documents/Unit Test/Libraries/build-Debug/cmocka/CMakeFiles/CMakeTmp

Run Build Command:"/usr/bin/make" "cmTC_b2e7e/fast"
make[1]: Entering directory '/home/vishal/Documents/Unit Test/Libraries/build-Debug/cmocka/CMakeFiles/CMakeTmp'
/usr/bin/make -f CMakeFiles/cmTC_b2e7e.dir/build.make CMakeFiles/cmTC_b2e7e.dir/build
make[2]: Entering directory '/home/vishal/Documents/Unit Test/Libraries/build-Debug/cmocka/CMakeFiles/CMakeTmp'
Building C object CMakeFiles/cmTC_b2e7e.dir/src.c.o
/usr/bin/cc    -std=gnu99 -pedantic -pedantic-errors -Wall -Wextra -Wshadow -Wmissing-prototypes -Wdeclaration-after-statement -Wunused -Wfloat-equal -Wpointer-arith -Wwrite-strings -Wformat-security -Wmissing-format-attribute -Wundef -Wstrict-prototypes -fPIC -fstack-protector -D_GNU_SOURCE -D_LARGEFILE64_SOURCE -DHAVE_CLOCK_GETTIME_REALTIME   -o CMakeFiles/cmTC_b2e7e.dir/src.c.o   -c "/home/vishal/Documents/Unit Test/Libraries/build-Debug/cmocka/CMakeFiles/CMakeTmp/src.c"
Linking C executable cmTC_b2e7e
/usr/bin/cmake -E cmake_link_script CMakeFiles/cmTC_b2e7e.dir/link.txt --verbose=1
/usr/bin/cc   -std=gnu99 -pedantic -pedantic-errors -Wall -Wextra -Wshadow -Wmissing-prototypes -Wdeclaration-after-statement -Wunused -Wfloat-equal -Wpointer-arith -Wwrite-strings -Wformat-security -Wmissing-format-attribute -Wundef -Wstrict-prototypes -fPIC -fstack-protector -D_GNU_SOURCE -D_LARGEFILE64_SOURCE -DHAVE_CLOCK_GETTIME_REALTIME    CMakeFiles/cmTC_b2e7e.dir/src.c.o  -o cmTC_b2e7e -rdynamic /usr/lib/x86_64-linux-gnu/librt.so 
make[2]: Leaving directory '/home/vishal/Documents/Unit Test/Libraries/build-Debug/cmocka/CMakeFiles/CMakeTmp'
make[1]: Leaving directory '/home/vishal/Documents/Unit Test/Libraries/build-Debug/cmocka/CMakeFiles/CMakeTmp'

Source file was:

#include <time.h>

int main(void) {
    struct timespec ts;

    clock_gettime(CLOCK_REALTIME, &ts);

    return 0;
}
Determining size of unsigned short passed with the following output:
Change Dir: /home/vishal/Documents/Unit Test/Libraries/build-Debug/cmocka/CMakeFiles/CMakeTmp

Run Build Command:"/usr/bin/make" "cmTC_a200e/fast"
make[1]: Entering directory '/home/vishal/Documents/Unit Test/Libraries/build-Debug/cmocka/CMakeFiles/CMakeTmp'
/usr/bin/make -f CMakeFiles/cmTC_a200e.dir/build.make CMakeFiles/cmTC_a200e.dir/build
make[2]: Entering directory '/home/vishal/Documents/Unit Test/Libraries/build-Debug/cmocka/CMakeFiles/CMakeTmp'
Building C object CMakeFiles/cmTC_a200e.dir/CMAKE_SIZEOF_UNSIGNED_SHORT.c.o
/usr/bin/cc    -std=gnu99 -pedantic -pedantic-errors -Wall -Wextra -Wshadow -Wmissing-prototypes -Wdeclaration-after-statement -Wunused -Wfloat-equal -Wpointer-arith -Wwrite-strings -Wformat-security -Wmissing-format-attribute -Wundef -Wstrict-prototypes -fPIC -fstack-protector -D_GNU_SOURCE -D_LARGEFILE64_SOURCE    -o CMakeFiles/cmTC_a200e.dir/CMAKE_SIZEOF_UNSIGNED_SHORT.c.o   -c "/home/vishal/Documents/Unit Test/Libraries/build-Debug/cmocka/CMakeFiles/CheckTypeSize/CMAKE_SIZEOF_UNSIGNED_SHORT.c"
Linking C executable cmTC_a200e
/usr/bin/cmake -E cmake_link_script CMakeFiles/cmTC_a200e.dir/link.txt --verbose=1
/usr/bin/cc   -std=gnu99 -pedantic -pedantic-errors -Wall -Wextra -Wshadow -Wmissing-prototypes -Wdeclaration-after-statement -Wunused -Wfloat-equal -Wpointer-arith -Wwrite-strings -Wformat-security -Wmissing-format-attribute -Wundef -Wstrict-prototypes -fPIC -fstack-protector -D_GNU_SOURCE -D_LARGEFILE64_SOURCE     CMakeFiles/cmTC_a200e.dir/CMAKE_SIZEOF_UNSIGNED_SHORT.c.o  -o cmTC_a200e -rdynamic 
make[2]: Leaving directory '/home/vishal/Documents/Unit Test/Libraries/build-Debug/cmocka/CMakeFiles/CMakeTmp'
make[1]: Leaving directory '/home/vishal/Documents/Unit Test/Libraries/build-Debug/cmocka/CMakeFiles/CMakeTmp'


